1472
3 9 40
12 0
10 1
2 3
3 9 41
16 2
13 0
7 1
3 9 42
17 0
15 2
3 2
3 9 43
14 1
7 1
0 1
3 9 46
10 1
9 0
7 1
3 9 47
15 2
7 1
3 2
3 9 48
18 3
15 2
7 1
3 9 49
7 1
6 1
2 3
3 9 50
16 2
11 1
0 2
3 10 35
17 0
13 0
3 2
3 10 36
10 1
7 1
5 2
3 10 37
6 1
3 2
2 3
3 10 39
10 1
7 1
0 1
3 10 40
13 0
7 1
3 2
3 10 41
15 1
10 1
7 1
3 10 42
3 2
2 3
1 1
3 10 43
15 2
10 1
3 2
3 10 44
16 2
9 0
5 3
3 10 46
5 3
2 3
0 1
3 10 49
11 1
3 2
0 2
3 10 50
9 0
2 3
0 2
3 10 55
9 0
7 1
5 3
3 11 33
16 2
3 2
1 1
3 11 34
17 0
6 1
3 2
3 11 35
8 0
3 2
2 3
3 11 36
13 0
10 1
3 2
3 11 39
7 1
6 1
3 2
3 11 40
5 2
2 3
0 2
3 11 43
9 0
5 3
3 2
3 11 44
7 1
3 2
1 1
3 11 45
15 1
2 3
0 2
3 11 46
12 0
2 3
0 2
3 11 47
10 1
7 1
6 1
3 11 48
7 1
5 3
0 1
3 11 49
14 1
8 0
7 1
3 11 51
10 1
9 0
5 3
3 11 52
9 0
7 1
0 2
3 11 54
6 1
5 3
2 3
3 11 55
12 1
10 1
2 3
3 11 57
13 0
7 1
5 3
3 12 31
16 2
5 2
0 2
3 12 36
5 3
3 2
0 1
3 12 37
8 0
7 1
3 2
3 12 51
6 1
2 3
0 2
3 12 56
2 3
1 1
0 2
3 13 30
5 2
3 2
0 2
3 13 31
9 0
5 2
2 3
3 13 33
10 1
8 0
3 2
3 13 34
9 0
2 3
0 1
3 13 57
7 1
6 2
2 3
3 13 58
7 1
1 1
0 2
3 14 26
11 0
10 1
3 2
3 14 27
12 0
5 2
2 3
3 14 29
15 1
2 3
0 1
3 14 31
3 2
2 3
1 0
3 14 32
15 1
12 0
2 3
3 14 62
12 1
10 1
5 3
3 15 26
7 1
5 2
0 1
3 15 27
12 0
9 0
3 2
3 15 28
15 1
7 1
5 2
3 15 62
6 2
5 3
2 3
3 15 63
5 3
1 1
0 2
3 16 24
15 1
10 1
5 2
3 16 25
12 0
10 1
5 2
3 16 27
14 0
7 1
3 2
3 16 64
7 1
6 2
5 3
3 17 23
11 0
5 2
2 3
3 17 26
7 1
3 2
2 2
3 18 22
10 1
3 2
2 2
3 18 23
8 0
3 2
0 1
3 18 24
17 0
16 2
10 0
3 18 25
11 0
7 1
5 2
3 18 65
7 1
3 3
1 1
3 18 67
10 2
7 1
0 2
3 19 20
7 0
5 2
2 3
3 19 21
11 0
10 1
5 2
3 20 22
12 0
9 0
5 2
3 20 70
5 3
3 3
1 1
3 21 19
3 2
1 0
0 1
3 21 21
10 1
7 0
0 1
3 22 17
16 2
13 3
5 2
3 22 20
6 1
5 2
0 1
3 23 19
8 0
7 0
3 2
3 24 17
12 0
11 0
0 1
3 24 18
11 0
3 2
1 0
4 24 55
7 1
6 0
3 2
0 2
4 24 58
6 1
2 3
1 0
0 2
4 24 59
4 0
3 2
2 3
0 2
4 24 61
7 1
5 3
3 1
2 3
4 24 63
6 1
3 3
2 3
0 1
4 24 65
5 2
3 3
2 3
1 1
3 24 73
6 2
5 3
3 3
3 25 18
8 0
3 2
2 2
4 25 51
5 2
4 1
2 3
0 2
4 25 55
7 1
4 1
3 2
1 1
4 25 59
4 3
3 2
2 3
1 1
4 25 61
4 2
3 2
1 1
0 2
4 25 63
5 3
4 3
2 3
0 1
4 25 66
8 0
7 1
4 2
0 2
4 25 67
7 0
3 3
2 3
0 2
4 25 69
9 0
5 3
3 3
0 1
4 25 70
5 3
4 1
2 3
1 1
3 26 14
5 2
1 0
0 1
3 26 15
7 0
3 2
1 0
3 26 16
15 1
5 2
1 0
3 26 17
6 0
5 2
3 2
4 26 47
5 3
4 1
3 2
0 1
4 26 51
3 2
2 3
1 2
0 1
4 26 55
4 2
2 3
1 1
0 1
4 26 57
5 2
4 3
2 3
0 2
4 26 59
5 3
3 2
2 3
1 3
4 26 60
6 0
5 3
3 2
0 2
4 26 61
7 1
4 3
3 2
1 1
4 26 62
6 1
4 1
2 3
0 2
4 26 68
7 1
2 3
1 3
0 2
4 26 69
8 0
6 1
3 3
2 3
4 26 72
7 1
5 3
4 1
1 1
4 26 73
6 1
5 3
4 2
0 2
3 27 14
9 0
5 2
2 2
4 27 47
7 1
6 2
5 2
0 1
4 27 50
6 0
3 2
2 3
1 1
4 27 53
5 3
4 3
3 2
0 1
4 27 54
6 0
5 3
2 3
0 1
4 27 66
5 3
4 0
3 2
0 2
4 27 72
5 3
3 2
2 3
0 3
4 27 73
4 3
2 3
1 1
0 2
4 27 74
6 2
4 2
2 3
0 2
4 27 75
5 3
3 3
1 1
0 1
3 28 14
3 2
2 2
1 0
4 28 44
7 1
6 1
1 0
0 1
4 28 45
4 2
3 2
1 1
0 1
4 28 46
3 2
2 2
1 1
0 2
4 28 47
5 2
4 3
3 2
0 2
4 28 48
6 0
5 2
2 3
0 2
4 28 71
6 2
3 3
2 3
0 1
4 28 72
5 0
3 2
2 3
0 2
4 28 73
5 3
2 3
1 3
0 2
4 28 76
6 1
5 3
2 3
1 2
3 29 13
11 0
5 2
1 0
3 29 14
14 0
8 0
5 2
4 29 41
5 2
4 3
2 3
0 1
4 29 44
6 0
5 3
3 2
0 1
4 29 46
6 1
4 1
2 3
0 1
4 29 73
5 3
4 0
2 3
1 1
4 29 75
3 2
2 0
1 1
0 2
4 29 77
6 0
5 3
3 3
2 3
3 30 12
12 0
10 0
5 2
3 30 13
8 0
5 2
2 2
4 30 40
3 2
2 3
1 3
0 1
4 30 75
6 1
5 3
4 3
0 2
4 30 79
6 2
5 3
4 3
2 3
3 31 12
12 0
11 0
2 2
3 31 13
7 0
1 0
0 1
4 31 38
5 2
4 1
3 2
1 1
4 31 41
4 1
3 2
1 1
0 1
4 31 42
7 0
5 2
1 1
0 2
4 31 78
5 3
4 2
2 3
1 2
4 31 80
4 0
3 3
2 3
0 2
4 31 82
7 1
5 3
3 0
2 3
3 32 13
9 0
7 0
2 2
4 32 38
5 2
4 0
2 3
0 1
4 32 79
7 1
3 0
2 3
0 2
4 32 80
4 3
3 3
2 3
1 1
4 32 82
4 2
3 3
1 1
0 2
3 33 11
11 0
10 0
0 1
3 33 12
2 2
1 0
0 1
4 33 36
5 2
3 2
1 2
0 1
4 33 40
4 1
2 3
1 0
0 1
4 33 80
5 3
3 3
2 3
1 3
4 33 83
5 3
2 3
1 1
0 3
3 34 11
12 0
5 2
3 1
3 34 13
12 3
5 2
0 1
4 34 35
5 2
3 2
2 3
0 0
4 34 83
5 0
2 3
1 1
0 2
4 34 84
5 3
3 0
2 3
0 2
4 34 85
7 1
5 3
1 1
0 3
3 36 11
7 0
6 0
5 2
4 36 33
5 2
4 3
3 2
1 0
4 36 34
6 0
5 2
2 3
1 0
4 36 36
4 3
3 2
1 0
0 1
4 36 84
4 3
3 3
1 1
0 2
4 36 85
5 3
4 1
2 0
0 2
3 37 11
9 3
2 2
0 1
4 37 32
6 0
5 2
4 2
3 2
4 37 86
5 3
4 2
2 0
1 1
3 38 10
6 0
5 2
2 2
4 38 88
6 2
3 3
2 3
1 2
3 39 10
5 2
3 1
1 0
3 39 12
12 3
7 0
0 1
4 39 33
4 0
3 2
1 0
0 1
5 39 72
4 2
3 3
2 3
1 0
0 1
4 39 87
3 3
2 3
1 1
0 3
4 39 88
5 3
3 3
2 0
1 0
4 39 89
6 2
2 0
1 1
0 2
3 40 9
14 0
12 3
5 2
3 40 10
10 0
7 0
1 0
4 40 31
5 2
3 2
2 2
1 2
5 40 67
5 3
4 0
2 3
1 0
0 1
5 40 68
5 1
3 2
2 3
1 1
0 2
5 40 70
5 3
4 1
3 2
2 3
1 3
5 40 72
6 1
3 2
2 0
1 1
0 1
5 40 74
5 2
3 3
2 3
1 2
0 1
5 40 79
5 0
3 2
2 3
1 0
0 2
5 40 80
6 1
4 2
3 3
2 3
1 0
5 40 81
6 2
5 3
4 0
2 3
0 1
5 40 84
5 3
4 0
3 2
2 3
1 2
4 40 88
5 3
4 0
2 0
0 2
4 40 89
5 3
4 2
3 3
1 2
3 41 9
12 0
3 1
2 2
4 41 31
5 2
4 1
3 1
2 3
5 41 66
5 2
4 0
3 3
2 3
0 1
5 41 67
4 1
3 2
2 3
1 3
0 2
5 41 68
4 3
3 2
2 3
1 2
0 1
5 41 72
5 3
4 2
3 2
2 3
0 0
5 41 75
5 3
3 3
2 2
1 1
0 1
5 41 76
5 3
4 1
3 2
2 0
0 1
3 41 79
3 3
2 0
1 2
5 41 80
6 2
5 3
4 1
2 3
1 0
5 41 81
4 0
3 2
2 3
1 2
0 2
5 41 83
5 3
4 1
3 2
2 3
0 3
5 41 85
6 1
3 3
2 3
1 2
0 1
5 41 88
5 3
4 2
3 3
2 2
0 2
3 42 9
10 0
2 2
1 0
5 42 64
5 3
3 2
2 3
1 0
0 0
5 42 69
5 2
3 3
2 2
1 1
0 2
5 42 82
4 0
3 3
2 3
1 1
0 1
5 42 83
5 0
4 1
3 2
2 3
0 2
4 42 89
4 1
3 3
2 0
0 2
5 42 90
5 3
4 0
3 3
2 3
1 0
3 43 9
7 0
6 0
2 2
3 43 11
12 0
10 0
3 1
4 43 31
4 3
3 2
2 2
1 0
5 43 58
5 3
3 2
2 2
1 2
0 1
5 43 86
4 1
3 2
2 0
1 1
0 2
5 43 87
4 0
3 3
2 3
1 0
0 2
5 43 88
6 0
5 3
4 1
3 3
2 3
5 43 89
5 0
4 3
3 2
2 3
0 2
4 43 90
4 2
3 3
2 0
1 1
5 43 91
6 1
4 1
3 3
1 1
0 2
3 44 9
7 0
3 1
1 0
3 44 11
6 0
5 2
3 1
4 44 30
5 3
3 1
2 2
0 1
5 44 57
5 1
3 2
2 3
1 0
0 2
5 44 58
5 3
4 1
3 1
2 3
0 1
5 44 88
5 3
4 0
3 2
1 2
0 2
5 44 90
6 1
4 3
2 3
1 2
0 2
5 44 92
4 3
3 2
2 0
1 1
0 2
5 44 93
6 1
5 3
4 2
2 3
0 3
5 44 94
5 3
3 2
2 3
1 2
0 3
3 45 11
7 0
5 1
0 1
5 45 90
5 3
4 3
3 3
2 2
0 2
4 45 91
5 3
4 2
3 3
0 3
5 45 92
4 2
3 3
2 3
1 3
0 2
5 45 94
5 0
3 2
2 3
1 2
0 2
3 46 10
11 3
5 2
2 2
3 46 11
5 2
2 2
0 0
4 46 28
4 0
3 2
2 2
1 0
4 46 29
6 2
5 2
3 1
0 1
5 46 56
4 2
3 1
2 3
1 1
0 1
3 46 81
3 3
2 0
0 3
4 46 91
5 0
4 2
3 3
0 2
4 46 92
4 0
3 3
2 0
0 2
5 46 93
5 3
3 3
2 0
1 0
0 1
5 46 94
5 3
4 0
3 3
1 0
0 2
5 46 95
5 0
3 3
2 3
1 1
0 1
3 47 9
12 3
5 2
3 1
3 47 10
5 1
2 2
0 1
4 47 26
6 0
4 1
3 2
2 2
5 47 52
4 3
3 2
2 2
1 0
0 2
4 47 92
4 3
3 3
2 0
1 1
5 47 94
5 3
4 1
2 3
1 1
0 3
5 47 95
5 3
3 3
2 2
1 2
0 2
5 47 96
6 0
3 3
2 3
1 2
0 2
3 48 9
12 3
10 0
7 0
3 48 10
10 0
3 1
1 0
4 48 26
5 2
4 3
2 2
1 0
5 48 54
4 0
3 2
2 3
1 3
0 1
4 48 92
5 3
3 3
2 0
1 3
4 48 94
5 0
3 3
2 3
1 2
5 48 97
5 3
4 1
3 3
2 0
0 1
5 48 98
6 0
5 3
4 3
3 3
0 2
5 48 99
5 3
4 2
3 3
1 3
0 2
3 49 10
7 0
6 0
3 1
4 49 28
5 1
4 1
3 2
0 1
5 49 52
4 1
3 1
2 3
1 1
0 1
4 49 93
5 3
4 3
3 3
0 3
5 49 97
6 1
4 3
3 3
2 3
1 2
5 49 98
5 3
4 3
2 0
1 0
0 2
5 49 100
5 0
4 3
2 3
1 1
0 2
3 50 9
11 0
5 1
2 2
4 50 26
6 1
5 2
2 2
1 3
5 50 49
4 0
3 2
2 2
1 0
0 2
3 51 10
7 0
2 2
0 0
4 51 26
4 0
2 2
1 0
0 1
5 51 100
4 2
3 3
2 0
1 0
0 2
5 51 102
5 0
3 2
2 0
1 1
0 2
3 52 10
14 0
2 2
0 0
3 52 12
5 1
2 2
1 0
4 52 25
6 0
5 1
3 2
0 1
5 52 47
5 2
4 3
2 2
1 0
0 2
4 52 94
4 2
3 3
2 0
1 2
5 52 100
5 3
4 0
3 3
2 0
0 1
5 52 101
5 3
4 3
3 3
1 3
0 2
5 52 102
5 2
3 3
2 0
1 2
0 2
3 53 11
5 1
3 1
0 1
3 53 12
10 0
7 0
0 0
3 53 79
5 0
3 3
0 3
4 53 93
5 3
3 0
2 0
1 1
5 53 101
5 0
4 1
3 3
2 3
1 1
5 53 102
5 3
3 3
2 1
1 1
0 2
3 54 11
14 0
11 3
10 0
3 54 12
9 3
7 0
5 1
5 54 47
4 3
3 1
2 3
1 0
0 1
5 54 48
5 2
3 2
2 1
1 0
0 2
5 54 103
6 1
5 3
4 2
2 0
1 2
5 54 104
4 3
3 3
2 3
1 1
0 3
3 55 11
10 0
2 2
0 0
3 55 12
3 1
2 2
1 3
4 55 24
6 3
5 2
3 1
0 1
4 55 25
5 2
2 1
1 0
0 1
4 55 26
6 0
5 2
4 2
3 1
5 55 46
5 2
3 2
2 3
1 3
0 0
6 55 85
5 1
4 3
3 2
2 3
1 1
0 2
4 55 94
5 3
4 3
2 0
0 3
6 55 96
5 0
4 3
3 2
2 3
1 0
0 2
6 55 100
5 3
4 2
3 1
2 3
1 2
0 2
5 55 102
4 3
3 3
2 0
1 0
0 2
5 55 105
6 1
4 3
3 3
2 0
1 1
3 56 11
9 3
5 1
2 2
4 56 24
5 2
4 1
2 2
1 3
4 56 94
5 0
4 3
2 0
0 2
4 56 96
4 3
3 3
2 0
1 2
6 56 100
6 1
5 3
4 0
3 3
2 2
0 2
6 56 101
5 3
4 2
3 0
2 3
1 1
0 1
6 56 102
6 1
4 3
3 3
2 3
1 2
0 1
6 56 103
6 0
5 3
4 2
3 3
1 0
0 2
5 56 104
5 0
3 3
2 3
1 3
0 2
3 57 11
7 0
3 1
0 0
3 57 13
6 0
5 1
2 2
4 57 26
5 2
4 2
2 2
0 0
5 57 44
4 0
3 1
2 3
1 0
0 1
6 57 82
5 2
4 0
3 2
2 3
1 1
0 3
4 57 96
4 2
3 3
2 0
0 3
6 57 97
5 2
4 2
3 3
2 0
1 1
0 1
5 57 104
5 0
4 0
3 3
2 3
1 1
5 57 105
5 0
4 1
3 3
1 1
0 2
3 58 13
5 1
3 1
1 0
4 58 24
6 0
3 2
2 2
0 0
4 58 25
5 1
4 2
2 2
0 1
5 58 46
5 2
3 3
2 2
1 3
0 1
6 58 102
5 2
4 2
3 3
2 0
1 0
0 2
5 58 104
5 0
4 3
2 3
1 2
0 2
6 58 105
5 3
4 1
3 2
2 3
1 2
0 3
6 58 106
6 1
4 2
3 0
2 3
1 1
0 2
4 59 24
6 0
2 2
1 3
0 1
6 59 74
5 1
4 3
3 2
2 3
1 0
0 2
6 59 103
5 3
4 1
3 2
2 0
1 3
0 2
6 59 104
5 3
4 3
3 2
2 0
1 2
0 1
6 59 105
5 0
4 1
3 2
2 3
1 2
0 2
5 59 106
4 2
3 3
2 3
1 2
0 3
6 59 107
5 3
4 1
3 3
2 3
1 1
0 0
6 59 108
6 1
5 3
4 1
3 3
1 3
0 2
4 60 24
7 0
2 1
1 0
0 1
4 60 26
5 1
4 0
3 2
2 2
4 60 95
5 0
4 1
3 3
2 0
5 60 105
5 3
3 0
2 3
1 1
0 3
5 60 106
5 0
3 2
2 0
1 2
0 2
5 60 107
6 1
4 2
3 3
2 0
1 2
5 60 108
5 3
3 3
2 0
1 1
0 0
6 60 109
5 3
4 3
3 2
2 0
1 3
0 2
3 61 13
7 0
3 1
2 1
4 61 25
4 3
3 1
2 2
1 0
4 61 26
6 0
5 2
1 0
0 0
5 61 43
6 0
5 2
2 3
1 0
0 0
5 61 44
4 2
3 1
2 2
1 0
0 2
5 61 107
5 0
3 3
2 0
1 1
0 1
5 61 108
5 0
4 0
3 3
1 1
0 2
6 61 109
6 1
4 3
3 2
2 0
1 2
0 2
6 61 110
5 3
4 3
3 3
2 0
1 0
0 1
6 61 111
5 0
4 1
3 3
2 3
1 0
0 2
6 61 112
5 0
4 3
3 3
2 3
1 1
0 1
4 62 24
6 0
4 2
3 1
2 2
4 62 25
5 2
4 1
3 1
1 3
4 62 26
7 0
5 2
4 0
0 0
5 62 41
5 1
4 3
3 2
1 0
0 1
6 62 109
6 0
5 3
4 2
3 3
2 0
0 1
6 62 110
6 1
4 3
3 3
2 0
1 1
0 1
6 62 111
6 2
5 3
4 1
3 3
1 2
0 1
3 63 14
6 0
5 1
3 1
3 63 15
7 0
5 1
0 0
4 63 94
3 0
2 0
1 2
0 2
5 63 107
5 3
4 1
3 0
2 0
0 2
5 63 108
4 3
3 3
2 3
1 2
0 3
5 63 109
5 3
4 3
3 3
2 0
1 3
6 63 110
5 3
4 0
3 3
2 3
1 1
0 0
3 64 17
9 3
7 3
3 1
4 64 25
5 2
4 0
2 2
0 0
4 64 26
5 1
4 2
3 1
0 1
5 64 41
4 1
3 2
2 1
1 0
0 1
3 64 75
3 0
2 0
0 3
4 64 94
5 0
4 2
3 3
0 3
4 64 95
4 0
3 3
2 0
0 3
5 64 108
5 3
4 2
3 0
2 0
1 1
6 64 113
5 3
4 1
3 2
2 0
1 1
0 3
6 64 114
5 3
4 0
3 3
2 3
1 0
0 3
4 65 24
5 1
4 0
2 2
0 1
6 65 113
5 0
4 1
3 2
2 0
1 1
0 2
6 65 115
5 3
4 2
3 3
2 3
1 2
0 0
4 66 26
6 0
4 3
3 1
2 2
5 66 108
5 0
4 0
3 3
2 3
1 2
5 66 109
5 0
4 1
3 3
1 2
0 2
6 66 114
5 0
4 2
3 3
2 3
1 2
0 1
6 66 116
6 2
4 3
3 0
2 3
1 1
0 2
6 66 117
6 1
5 0
4 3
2 3
1 2
0 2
3 67 17
5 1
3 1
1 3
3 67 19
7 3
2 2
0 0
4 67 95
5 0
3 3
2 0
1 3
5 67 109
5 0
4 0
2 0
1 1
0 2
5 67 110
5 3
4 0
3 0
2 0
0 2
6 67 118
6 0
5 0
4 3
3 3
2 3
0 2
4 68 26
6 3
5 1
2 2
0 1
5 68 110
4 1
3 3
2 0
1 1
0 3
6 68 116
5 3
4 0
3 2
2 0
1 1
0 3
6 68 117
6 0
5 3
4 0
3 3
1 2
0 2
6 68 118
6 1
5 3
3 0
2 3
1 1
0 3
4 69 25
7 0
5 2
2 1
1 3
5 69 42
6 0
4 1
3 2
2 1
0 1
4 69 95
5 0
4 3
2 0
1 2
5 69 109
5 3
3 0
2 3
1 2
0 3
6 69 117
5 3
4 3
3 3
2 3
1 2
0 0
6 69 118
6 1
5 0
3 0
2 3
1 1
0 2
4 70 25
4 2
3 1
2 2
0 0
4 70 26
5 1
4 0
2 2
1 0
6 70 63
5 2
4 3
3 2
2 3
1 3
0 0
4 70 95
5 0
4 2
2 0
0 3
5 70 109
5 0
3 0
2 3
1 2
0 2
5 70 111
5 0
3 3
2 0
1 2
0 1
6 70 117
6 0
5 3
4 2
3 3
1 1
0 3
6 70 120
6 2
4 0
3 3
2 0
1 0
0 2
3 71 23
7 3
6 0
5 1
4 71 26
8 3
7 0
6 0
0 0
4 71 28
4 1
3 1
1 0
0 0
4 71 93
5 0
3 3
2 0
0 0
7 71 109
6 1
5 3
4 1
3 3
2 3
1 0
0 0
5 71 110
5 0
4 0
3 3
2 3
0 3
6 71 118
6 0
4 0
3 3
2 0
1 1
0 2
6 71 120
5 3
4 2
3 0
2 3
1 1
0 3
6 71 121
5 0
4 2
3 2
2 0
1 2
0 2
3 72 25
5 1
1 3
0 0
4 72 28
7 0
4 2
3 1
2 1
5 72 39
4 1
3 1
2 2
1 2
0 1
5 72 41
5 1
4 1
3 1
2 3
1 0
4 72 92
5 0
4 0
2 0
1 2
4 72 93
3 0
2 0
1 1
0 3
5 72 110
5 0
4 1
2 0
1 2
0 2
7 72 117
6 0
5 3
4 2
3 2
2 3
1 2
0 3
6 72 119
6 1
4 3
3 3
2 0
1 3
0 2
6 72 120
5 0
4 2
3 0
2 3
1 1
0 2
6 72 121
6 1
5 3
4 2
3 0
2 0
1 1
4 73 26
4 0
3 1
2 2
1 3
4 73 27
6 1
5 1
2 2
0 0
4 73 29
5 2
2 1
1 0
0 0
5 73 40
5 2
3 1
2 3
1 3
0 0
4 73 91
5 0
4 1
2 0
0 3
7 73 119
6 0
5 3
4 2
3 3
2 3
1 1
0 0
7 73 120
6 2
5 0
4 2
3 3
2 3
1 0
0 1
6 73 121
5 3
4 2
3 3
2 1
1 2
0 2
7 73 122
6 1
5 3
4 0
3 3
2 2
1 2
0 2
4 74 27
4 3
3 1
2 2
0 0
4 74 28
5 1
2 1
1 0
0 1
4 74 29
6 0
5 1
4 2
3 1
5 74 109
4 2
3 0
2 0
1 2
0 2
7 74 120
6 2
5 3
4 0
3 1
2 3
1 2
0 2
6 74 122
6 0
5 3
3 0
2 0
1 1
0 2
4 75 27
5 1
4 1
2 2
1 3
4 75 30
4 1
3 1
2 1
1 0
5 75 39
5 1
3 2
2 2
1 1
0 0
5 75 40
5 0
3 1
2 2
1 0
0 1
6 75 57
5 1
4 1
3 1
2 3
1 1
0 1
4 75 90
4 2
3 0
2 0
0 3
4 75 93
5 0
4 2
3 0
2 0
5 75 111
6 1
5 0
2 0
1 1
0 3
6 75 120
6 1
5 0
4 1
3 3
2 3
0 3
7 75 121
6 1
5 1
4 2
3 3
2 3
1 2
0 2
6 75 122
5 3
4 3
3 0
2 3
1 1
0 3
6 75 123
5 0
4 3
3 2
2 0
1 2
0 2
3 76 27
5 1
2 1
1 3
4 76 29
5 1
4 2
2 2
0 0
5 76 39
5 2
4 0
3 1
2 2
1 2
6 76 122
5 0
4 3
3 0
2 3
1 1
0 2
6 76 123
5 0
4 1
3 3
2 0
1 0
0 2
7 76 125
6 0
5 3
4 0
3 2
2 0
1 2
0 2
4 77 28
3 1
2 1
1 3
0 1
5 77 41
6 0
4 0
3 1
2 2
1 1
6 77 122
6 1
5 3
3 0
2 3
1 2
0 3
6 77 123
5 3
4 3
3 3
2 1
1 2
0 2
7 77 124
6 0
5 3
4 0
3 0
2 3
1 1
0 2
7 77 126
6 0
5 3
4 0
3 3
2 0
1 1
0 1
4 78 31
6 0
5 1
4 3
3 1
3 78 36
5 1
3 0
0 0
5 78 39
5 1
4 1
3 2
2 1
0 1
5 78 40
5 1
4 3
3 2
2 2
1 3
5 78 41
6 1
4 1
3 1
2 1
0 1
3 78 57
3 0
2 1
0 3
3 78 60
5 0
3 0
2 1
4 78 89
5 0
4 1
3 0
2 0
5 78 109
5 0
3 2
2 0
1 2
0 3
5 78 111
4 3
3 0
2 0
1 2
0 2
6 78 122
5 3
4 0
3 3
2 0
1 1
0 0
6 78 124
6 1
5 0
3 3
2 0
1 2
0 1
7 78 125
6 0
5 3
4 2
3 2
2 0
1 1
0 3
7 78 127
6 1
5 3
4 3
3 3
2 0
1 3
0 1
7 78 129
6 1
5 0
4 3
3 3
2 3
1 2
0 1
4 79 30
5 1
4 0
2 2
1 3
4 79 31
7 0
6 0
2 1
1 3
5 79 39
4 2
3 1
2 1
1 0
0 1
6 79 56
5 1
4 1
3 2
2 3
1 0
0 0
4 79 91
5 0
3 0
1 1
0 3
5 79 111
5 0
3 3
2 0
1 1
0 0
7 79 127
6 2
5 2
4 2
3 3
2 0
1 3
0 2
7 79 129
6 0
5 3
4 2
3 0
2 3
1 2
0 2
4 80 32
4 1
3 1
1 3
0 0
5 80 39
6 0
5 1
4 0
1 0
0 1
5 80 41
4 0
3 2
2 2
1 3
0 0
6 80 123
6 1
5 0
4 1
2 0
1 2
0 2
6 80 124
5 3
4 2
3 0
2 3
1 2
0 3
7 80 128
6 2
5 3
4 0
3 1
2 0
1 1
0 2
7 80 130
6 2
5 0
4 2
3 3
2 2
1 1
0 2
7 80 131
6 1
5 3
4 2
3 0
2 0
1 0
0 2
5 81 40
6 0
5 1
2 2
1 2
0 1
5 81 41
5 2
4 0
3 1
2 2
0 3
3 81 42
3 0
2 1
0 0
5 81 108
4 0
3 0
2 0
1 2
0 2
5 81 109
5 0
3 3
2 1
1 2
0 2
5 81 110
5 3
4 1
3 0
2 0
0 3
6 81 124
5 0
4 2
3 0
2 3
1 2
0 2
7 81 132
6 3
5 3
4 0
3 0
2 3
1 1
0 2
4 82 33
5 2
2 1
1 3
0 0
4 82 34
5 1
4 3
3 1
1 3
5 82 41
5 1
4 0
3 1
2 2
0 2
5 82 42
5 1
4 0
3 2
2 1
0 1
6 82 56
5 1
4 1
3 3
2 2
1 0
0 1
4 82 88
5 0
4 2
3 0
0 3
4 82 89
4 0
3 0
2 0
0 3
5 82 108
5 0
4 2
3 3
2 0
0 0
5 82 109
4 3
3 3
2 0
1 3
0 3
5 82 110
5 0
4 1
3 0
2 0
0 2
6 82 125
6 0
5 0
4 2
3 3
2 0
1 1
7 82 132
6 1
5 3
4 1
3 3
2 0
1 1
0 0
4 83 32
5 1
2 1
1 3
0 1
4 83 35
5 1
3 1
2 1
1 1
5 83 41
4 3
3 1
2 1
1 0
0 1
5 83 42
5 1
4 0
3 2
1 0
0 0
5 83 108
4 2
3 0
2 0
1 1
0 3
6 83 123
5 3
4 1
3 3
2 0
1 2
0 0
6 83 124
6 2
5 0
4 0
3 3
2 0
0 1
7 83 131
6 0
5 3
4 3
3 0
2 3
1 2
0 2
7 83 132
6 0
5 3
4 1
3 3
2 0
1 3
0 2
7 83 133
6 0
5 3
4 3
3 3
2 0
1 2
0 1
7 83 134
6 0
5 0
4 1
3 3
2 3
1 2
0 2
4 84 34
4 1
3 1
2 1
1 3
4 84 35
4 0
3 1
1 3
0 0
5 84 40
5 2
3 2
2 1
1 3
0 0
6 84 56
6 0
4 0
3 2
2 2
1 1
0 0
6 84 123
6 0
5 0
4 3
3 3
1 2
0 2
7 84 133
6 1
5 3
4 3
3 0
2 0
1 0
0 2
4 85 36
4 2
3 1
2 1
0 0
4 85 37
5 1
4 0
2 1
1 0
5 85 42
4 0
3 1
2 2
1 1
0 0
6 85 54
5 1
4 2
3 1
2 3
1 3
0 1
4 85 86
3 0
2 0
1 3
0 3
5 85 109
5 0
4 0
3 3
2 0
1 3
6 85 124
5 3
4 3
3 0
2 0
1 3
0 2
6 85 126
5 0
4 3
3 0
2 3
1 2
0 2
7 85 132
6 2
5 3
4 0
3 3
2 0
1 3
0 1
7 85 134
6 2
5 0
4 0
3 3
2 3
1 2
0 1
4 86 36
5 1
4 1
1 3
0 0
5 86 42
6 0
5 2
3 1
1 2
0 0
5 86 43
6 0
5 2
3 0
2 2
1 3
6 86 55
5 0
4 2
3 1
2 2
1 0
0 1
5 86 107
5 0
4 1
3 0
2 0
1 1
6 86 124
6 0
4 3
3 3
2 0
1 1
0 3
6 86 126
6 1
5 0
4 2
2 0
1 1
0 3
7 86 134
7 0
6 2
5 0
3 3
2 0
1 0
0 2
7 86 135
6 1
5 3
4 0
3 3
2 0
1 1
0 0
5 87 41
6 0
5 1
3 1
1 2
0 1
5 87 43
5 1
4 1
2 2
1 1
0 0
6 87 126
5 3
4 0
3 3
2 0
1 2
0 0
7 87 134
6 1
5 0
4 0
3 3
2 0
1 1
0 1
7 87 135
6 0
5 3
4 0
3 3
2 0
1 3
0 2
4 88 37
4 0
3 1
2 1
1 3
4 88 38
5 1
3 0
2 2
1 3
5 88 43
4 2
3 1
2 1
1 3
0 1
4 88 79
5 0
4 3
2 1
0 3
5 88 106
5 0
4 0
3 0
1 2
0 2
6 88 124
6 0
5 0
3 3
2 0
1 3
0 2
6 88 125
5 0
4 0
3 3
2 0
1 2
0 1
8 88 136
7 0
6 2
5 3
4 0
3 3
2 3
1 0
0 3
7 88 137
6 1
5 3
4 2
3 0
2 3
1 2
0 3
4 89 38
4 3
3 1
2 1
0 0
4 89 41
5 1
3 1
1 3
0 3
4 89 42
4 1
2 1
1 3
0 0
4 89 43
5 1
3 0
2 1
0 1
5 89 107
5 0
4 0
3 3
2 0
0 0
6 89 124
5 0
4 2
3 2
2 0
1 2
0 3
7 89 135
6 0
5 3
4 2
3 3
2 0
1 0
0 3
8 89 136
7 0
6 1
5 3
4 0
3 3
2 0
1 2
0 1
7 89 137
6 0
5 0
4 2
3 3
2 3
1 1
0 3
5 90 43
4 1
3 1
2 2
1 2
0 0
5 90 44
6 0
5 1
4 2
2 1
0 1
6 90 54
5 1
4 1
3 2
2 2
1 0
0 3
5 90 106
5 0
4 2
3 0
1 1
0 3
5 90 107
4 0
3 0
2 0
1 1
0 3
5 90 108
5 0
3 3
2 1
1 1
0 3
6 90 124
6 0
5 0
4 3
2 0
1 2
0 2
6 90 126
5 0
4 2
3 3
2 0
1 1
0 0
7 90 135
6 0
5 0
4 2
3 3
2 0
1 0
0 2
7 90 136
6 3
5 3
4 0
3 0
2 3
1 2
0 2
7 90 138
6 3
5 3
4 0
3 3
2 0
1 2
0 1
8 90 139
7 0
6 3
5 0
4 1
3 3
2 3
1 1
0 2
4 91 43
3 1
2 1
1 2
0 0
4 91 44
5 1
4 3
2 1
1 3
5 91 45
5 1
3 1
2 1
1 0
0 2
4 91 76
5 0
4 0
2 1
0 3
5 91 106
5 0
4 2
2 0
1 3
0 3
6 91 124
5 3
4 2
3 3
2 1
1 2
0 3
6 91 126
6 0
4 2
3 3
2 0
1 2
0 3
7 91 136
6 1
5 3
4 1
3 3
2 0
1 2
0 0
7 91 137
6 2
5 0
4 3
3 3
2 3
1 1
0 0
8 91 139
7 0
6 0
5 3
4 2
3 3
2 3
1 2
0 3
8 91 141
7 0
6 2
5 0
4 2
3 3
2 3
1 3
0 2
5 92 43
5 1
3 1
2 3
1 3
0 0
5 92 45
4 3
3 1
2 1
1 3
0 1
5 92 46
5 1
4 0
3 0
2 2
0 1
4 92 47
3 1
2 1
1 3
0 3
4 92 71
5 0
4 1
3 0
2 1
4 92 72
5 0
4 0
3 0
0 0
4 92 73
5 1
3 0
1 2
0 3
5 92 104
5 0
3 3
2 0
1 3
0 0
5 92 105
5 0
4 3
3 3
2 1
1 2
6 92 124
5 0
4 2
3 3
2 1
1 2
0 2
6 92 125
6 0
5 3
3 0
2 0
1 1
0 3
7 92 136
6 0
5 3
4 0
3 0
2 0
1 1
0 2
7 92 137
6 3
5 0
4 2
3 2
2 0
1 2
0 2
7 92 138
6 2
5 3
4 2
3 0
2 0
1 2
0 1
7 92 139
6 1
5 3
4 3
3 0
2 3
1 2
0 3
8 92 143
7 0
6 1
5 0
4 2
3 3
2 3
1 1
0 3
5 93 44
5 0
3 1
2 2
1 0
0 0
4 93 45
4 0
2 1
1 3
0 0
4 93 49
3 0
2 1
1 0
0 0
4 93 74
4 3
3 0
2 1
0 3
5 93 105
5 0
4 2
3 3
2 1
0 3
6 93 125
6 0
5 0
3 0
2 0
1 1
0 2
6 93 126
5 0
4 3
3 2
2 0
1 2
0 3
7 93 137
6 0
5 3
4 3
3 3
2 0
1 0
0 3
7 93 139
6 0
5 0
4 3
3 3
2 3
1 1
0 3
8 93 142
7 0
6 2
5 3
4 0
3 0
2 3
1 2
0 2
8 93 144
7 0
6 2
5 3
4 0
3 3
2 0
1 2
0 1
5 94 44
5 2
3 0
2 2
1 3
0 0
5 94 46
4 0
3 1
2 2
1 2
0 0
5 94 47
5 1
4 2
2 1
1 3
0 1
6 94 54
5 1
4 2
3 1
2 3
1 0
0 0
6 94 56
6 0
4 0
3 2
2 1
1 3
0 1
4 94 61
5 0
4 0
2 1
0 0
4 94 62
5 1
2 1
1 2
0 3
4 94 73
5 0
2 1
1 3
0 3
5 94 104
5 0
4 3
2 0
1 2
0 0
6 94 125
5 0
4 3
3 0
2 3
1 1
0 3
6 94 126
5 0
4 1
3 3
2 0
1 0
0 3
7 94 137
6 0
5 0
4 3
3 3
2 0
1 0
0 2
8 94 142
7 0
6 3
5 0
4 0
3 3
2 3
1 1
0 2
5 95 46
6 0
3 0
2 2
1 0
0 0
5 95 48
5 0
4 1
3 1
2 2
0 0
4 95 53
4 1
3 0
2 1
0 0
4 95 54
5 1
4 0
2 1
0 3
6 95 55
5 2
4 2
3 2
2 1
1 3
0 0
6 95 56
6 0
4 0
3 0
2 2
1 0
0 1
4 95 58
4 0
3 0
2 1
1 3
4 95 69
5 0
3 0
1 3
0 0
5 95 102
5 0
4 0
3 3
2 1
1 2
6 95 126
5 3
4 3
3 3
2 1
1 2
0 3
7 95 138
6 2
5 0
4 0
3 3
2 3
1 0
0 3
7 95 139
6 1
5 3
4 0
3 3
2 0
1 2
0 0
8 95 143
7 0
6 2
5 0
4 2
3 2
2 0
1 2
0 2
5 96 46
6 0
5 1
3 1
2 1
0 2
5 96 47
5 1
4 1
2 2
1 2
0 0
6 96 55
5 2
4 2
3 0
2 2
1 0
0 0
6 96 56
6 0
5 1
4 1
2 2
1 3
0 2
4 96 59
4 3
3 0
2 1
0 0
4 96 62
5 1
3 0
1 3
0 3
5 96 103
5 0
3 1
2 0
1 2
0 3
6 96 123
5 0
4 0
3 2
2 0
1 2
0 3
7 96 138
6 1
5 0
4 0
3 3
2 0
1 2
0 1
7 96 139
6 2
5 0
4 2
3 3
2 3
1 2
0 0
7 96 140
6 2
5 3
4 3
3 0
2 0
1 2
0 1
8 96 146
7 1
6 0
5 3
4 0
3 0
2 3
1 1
0 3
5 97 46
5 1
4 1
3 1
2 1
1 1
5 97 48
5 1
4 0
3 0
2 2
1 0
5 97 49
5 1
4 3
3 2
2 1
0 0
5 97 101
5 0
4 0
2 0
1 2
0 0
6 97 123
6 0
5 0
3 3
2 0
1 0
0 3
6 97 125
5 0
4 0
3 3
2 0
1 1
0 0
7 97 138
6 3
5 0
4 3
3 0
2 3
1 1
0 2
7 97 140
6 3
5 0
4 3
3 3
2 0
1 1
0 1
5 98 48
6 3
5 1
4 1
1 0
0 0
5 98 49
5 1
4 3
2 1
1 3
0 1
6 98 55
5 0
4 1
3 1
2 2
1 3
0 1
6 98 56
5 1
4 3
3 1
2 3
1 0
0 0
6 98 123
5 3
4 0
3 3
2 1
1 2
0 3
6 98 124
6 0
5 0
4 2
3 3
1 2
0 3
6 98 125
6 0
4 0
3 3
2 0
1 2
0 3
7 98 139
6 0
5 3
4 2
3 3
2 0
1 3
0 3
7 98 140
7 0
6 2
4 2
3 3
2 0
1 2
0 3
5 99 48
6 0
5 1
4 3
2 1
1 0
5 99 51
5 0
4 0
3 1
2 2
0 0
5 99 99
4 3
3 0
2 0
1 2
0 0
5 99 100
5 0
4 1
3 0
2 0
1 3
6 99 123
5 0
4 0
3 3
2 1
1 2
0 2
6 99 124
6 0
5 3
4 3
3 0
2 0
0 3
6 99 125
5 3
4 2
3 0
2 0
1 3
0 3
7 99 139
6 0
5 0
4 2
3 3
2 0
1 3
0 2
7 99 140
6 2
5 0
4 0
3 2
2 0
1 1
0 3
8 99 149
7 0
6 3
5 3
4 3
3 3
2 3
1 2
0 3
5 100 49
5 1
3 1
2 1
1 3
0 2
5 100 50
5 1
4 0
2 2
1 2
0 0
5 100 51
5 2
3 0
2 1
1 0
0 0
6 100 57
5 2
4 3
3 0
2 2
1 0
0 0
6 100 123
5 1
4 2
3 3
2 0
1 2
0 3
6 100 125
5 0
4 2
3 0
2 0
1 3
0 2
7 100 139
6 2
5 0
4 1
3 3
2 3
1 3
0 3
7 100 140
6 2
5 2
4 0
3 3
2 0
1 2
0 3
7 100 141
6 2
5 0
4 3
3 3
2 3
1 2
0 0
8 100 149
7 0
6 3
5 0
4 3
3 3
2 3
1 2
0 2
5 101 50
5 1
3 0
2 1
1 0
0 1
5 101 53
4 1
3 0
2 2
1 3
0 0
6 101 56
5 1
4 3
3 0
2 2
1 0
0 1
5 101 99
5 0
4 2
2 1
1 2
0 3
6 101 122
6 2
5 0
4 0
2 0
1 0
0 3
6 101 123
5 0
4 2
3 3
2 1
1 1
0 3
7 101 139
6 1
5 0
4 3
3 2
2 0
1 2
0 3
7 101 140
6 0
5 3
4 0
3 0
2 0
1 2
0 2
8 101 148
7 1
6 2
5 3
4 3
3 0
2 0
1 3
0 1
8 101 150
7 1
6 0
5 3
4 1
3 3
2 0
1 2
0 0
5 102 54
5 1
4 1
2 1
1 1
0 0
5 102 55
5 2
4 1
3 0
2 1
0 0
6 102 56
6 0
5 1
4 0
3 1
2 3
1 3
6 102 57
5 1
4 0
3 2
2 2
1 2
0 0
7 102 70
6 0
5 0
4 1
3 1
2 2
1 1
0 1
5 102 95
5 0
3 0
2 2
1 2
0 3
5 102 96
4 0
3 0
2 0
1 2
0 0
5 102 97
5 0
3 3
2 1
1 2
0 0
6 102 123
5 0
4 1
3 0
2 3
1 2
0 3
7 102 139
6 1
5 0
4 1
3 3
2 0
1 0
0 3
7 102 140
6 2
5 0
4 0
3 3
2 1
1 1
0 2
7 102 141
6 0
5 3
4 3
3 3
2 0
1 3
0 3
5 103 54
5 1
4 1
3 0
2 1
0 1
5 103 55
5 1
4 3
3 0
2 2
1 3
6 103 56
6 0
4 0
3 2
2 1
1 0
0 0
6 103 57
6 0
5 0
4 0
3 1
2 2
1 0
5 103 98
5 0
4 1
3 0
2 0
0 0
6 103 121
5 0
4 1
3 0
2 0
1 3
0 2
6 103 122
5 0
4 3
3 0
2 0
1 2
0 1
6 103 123
6 2
5 0
4 3
3 0
2 0
1 0
7 103 139
6 1
5 3
4 3
3 3
2 1
1 2
0 3
7 103 140
6 0
5 3
4 2
3 0
2 0
1 1
0 3
7 103 141
6 0
5 0
4 3
3 3
2 0
1 3
0 2
8 103 150
7 0
6 2
5 0
4 0
3 3
2 3
1 1
0 3
5 104 54
5 1
4 1
3 0
1 0
0 0
5 104 58
5 1
4 0
3 1
2 0
0 0
6 104 59
5 0
4 2
3 1
2 2
1 0
0 0
5 104 92
5 0
4 0
3 0
2 1
1 1
5 104 95
5 0
4 1
2 1
1 2
0 3
6 104 121
6 0
5 0
4 3
3 0
2 0
1 1
6 104 123
6 2
4 3
3 3
2 1
1 2
0 3
7 104 139
6 1
5 0
4 3
3 3
2 1
1 2
0 2
7 104 140
6 0
5 0
4 2
3 0
2 0
1 1
0 2
7 104 141
6 2
5 0
4 1
3 2
2 0
1 2
0 3
8 104 150
7 1
6 2
5 1
4 2
3 0
2 0
1 1
0 2
8 104 151
7 0
6 2
5 3
4 1
3 0
2 0
1 2
0 2
8 104 152
7 1
6 1
5 0
4 1
3 3
2 1
1 2
0 2
5 105 56
4 0
3 0
2 2
1 3
0 0
6 105 57
5 1
4 3
3 1
2 1
1 1
0 1
5 105 59
5 1
3 1
2 1
1 1
0 3
5 105 60
5 1
4 2
3 0
2 1
1 0
5 105 91
5 0
4 1
3 0
1 2
0 0
6 105 120
5 3
4 0
3 0
2 0
1 2
0 0
6 105 123
6 0
5 0
3 3
2 0
1 2
0 0
7 105 139
7 0
6 2
4 0
3 3
2 0
1 2
0 3
7 105 140
6 0
5 0
4 0
3 3
2 3
1 2
0 3
8 105 150
7 1
6 0
5 3
4 0
3 0
2 3
1 2
0 3
8 105 151
7 0
6 3
5 0
4 1
3 3
2 0
1 1
0 2
8 105 153
7 0
6 2
5 3
4 2
3 3
2 0
1 3
0 3
5 106 57
5 1
4 0
2 1
1 1
0 0
5 106 58
4 1
3 1
2 1
1 3
0 3
5 106 60
4 3
3 1
2 1
1 2
0 0
5 106 61
5 0
4 1
3 1
2 1
1 3
5 106 62
5 0
4 0
3 1
1 3
0 0
5 106 94
4 2
3 0
2 1
1 2
0 3
6 106 122
6 1
5 0
3 0
2 0
1 0
0 3
7 106 139
6 2
5 0
4 3
3 0
2 0
1 1
0 1
7 106 140
6 3
5 3
4 3
3 0
2 0
1 3
0 2
8 106 153
7 0
6 2
5 0
4 2
3 3
2 0
1 3
0 2
6 107 58
6 0
5 1
3 2
2 1
1 1
0 0
6 107 59
6 0
5 0
3 1
2 1
1 0
0 1
5 107 60
4 1
3 0
2 1
1 0
0 0
5 107 61
5 1
4 0
2 1
1 0
0 3
5 107 63
5 0
4 2
3 1
2 1
0 0
5 107 64
4 3
3 1
2 1
1 3
0 3
6 107 120
6 2
4 0
3 3
2 1
1 2
0 3
6 107 121
5 0
4 3
3 3
2 0
1 3
0 0
6 107 122
5 1
4 0
3 3
2 0
1 2
0 3
7 107 140
6 1
5 0
4 2
3 0
2 3
1 2
0 3
7 107 141
6 2
5 0
4 1
3 3
2 1
1 2
0 2
8 107 152
7 1
6 1
5 0
4 0
3 0
2 0
1 0
0 2
6 108 59
5 2
4 0
3 1
2 1
1 0
0 3
6 108 60
6 0
5 1
4 2
3 1
1 0
0 3
6 108 61
5 0
4 3
3 1
2 2
1 0
0 0
5 108 63
6 0
4 1
3 0
2 1
1 3
5 108 66
4 3
3 0
2 1
1 0
0 0
5 108 81
5 0
4 0
3 0
2 1
1 0
5 108 82
5 1
4 3
3 0
2 0
0 0
5 108 84
5 0
4 1
2 1
1 3
0 3
5 108 86
5 0
4 3
2 1
1 2
0 0
6 108 120
5 0
4 2
3 0
2 0
1 1
0 0
7 108 139
6 3
5 3
4 0
3 0
2 3
1 2
0 3
8 108 153
7 1
6 0
5 0
4 2
3 3
2 0
1 1
0 0
8 108 154
7 0
6 2
5 3
4 0
3 0
2 0
1 2
0 2
6 109 59
5 1
4 0
3 1
2 1
1 0
0 2
6 109 60
5 2
4 2
3 1
2 1
1 2
0 0
6 109 61
5 2
4 3
3 0
2 2
1 3
0 0
5 109 62
5 1
4 3
3 0
2 1
1 0
5 109 66
5 1
4 2
2 1
1 3
0 3
5 109 69
5 0
3 0
2 2
1 3
0 0
5 109 76
6 0
4 1
3 0
2 1
0 3
5 109 79
4 2
3 0
2 1
1 2
0 0
5 109 80
5 0
4 1
3 0
1 3
0 0
6 109 118
5 3
4 2
3 0
2 1
1 2
0 3
6 109 120
6 0
4 2
3 0
2 0
1 2
0 3
7 109 139
6 3
5 0
4 0
3 0
2 3
1 2
0 2
7 109 140
7 0
6 2
5 0
4 3
3 3
1 2
0 3
7 109 141
6 2
5 3
4 0
3 0
2 0
1 0
0 3
8 109 153
7 1
6 2
5 0
4 2
3 3
2 1
1 3
0 2
8 109 154
7 0
6 3
5 0
4 0
3 3
2 0
1 1
0 2
6 110 60
5 1
4 3
3 0
2 2
1 3
0 1
6 110 63
6 0
4 3
3 0
2 2
1 0
0 0
5 110 75
5 1
4 2
3 0
2 1
1 2
5 110 83
4 2
3 0
2 1
1 3
0 3
5 110 85
5 0
3 1
2 1
1 2
0 3
6 110 118
5 0
4 0
3 3
2 0
1 3
0 0
7 110 139
6 0
5 3
4 0
3 0
2 0
1 1
0 3
7 110 140
6 3
5 0
4 2
3 2
2 0
1 2
0 3
7 110 141
6 2
5 0
4 0
3 0
2 0
1 0
0 2
8 110 154
7 0
6 2
5 3
4 2
3 0
2 0
1 1
0 3
8 110 155
7 0
6 2
5 0
4 3
3 3
2 0
1 3
0 2
5 111 70
6 0
5 1
2 1
1 2
0 3
7 111 71
6 0
5 3
4 1
3 1
2 1
1 3
0 1
5 111 77
5 0
4 0
3 1
2 1
0 3
5 111 79
5 1
4 0
3 0
2 0
0 0
7 111 139
6 0
5 0
4 0
3 0
2 0
1 1
0 2
7 111 140
6 1
5 3
4 3
3 0
2 0
1 3
0 3
8 111 154
7 0
6 2
5 0
4 2
3 0
2 0
1 1
0 2
8 111 155
7 1
6 1
5 0
4 1
3 0
2 3
1 2
0 3
7 112 71
6 0
5 1
4 0
3 3
2 2
1 3
0 1
6 112 116
6 0
4 1
3 0
2 0
1 2
0 3
6 112 117
6 1
5 0
4 3
3 0
2 0
0 0
6 112 119
6 0
5 0
4 1
3 0
2 0
1 2
7 112 138
6 1
5 1
4 3
3 3
2 0
1 2
0 3
7 112 139
7 0
5 0
4 3
3 0
2 0
1 2
0 2
7 112 140
6 0
5 0
4 3
3 3
2 0
1 0
0 3
8 112 153
7 1
6 0
5 0
4 1
3 3
2 0
1 0
0 3
8 112 154
7 0
6 2
5 0
4 0
3 3
2 3
1 2
0 3
6 113 62
5 2
4 3
3 1
2 1
1 2
0 0
6 113 63
5 0
4 2
3 1
2 2
1 3
0 0
6 113 65
5 1
4 1
3 2
2 1
1 2
0 0
6 113 115
5 1
4 3
3 0
2 0
1 1
0 3
7 113 138
6 1
5 0
4 3
3 3
2 1
1 1
0 3
8 113 154
7 1
6 2
5 1
4 2
3 0
2 0
1 2
0 2
8 113 155
7 0
6 3
5 3
4 1
3 3
2 0
1 2
0 3
6 114 65
5 1
4 1
3 0
2 2
1 1
0 0
6 114 66
5 2
4 3
3 1
2 1
1 3
0 3
6 114 115
6 0
5 0
4 3
3 3
2 1
0 3
6 114 116
5 0
4 2
3 3
2 1
1 3
0 3
6 114 117
5 0
4 0
3 1
2 0
1 2
0 3
7 114 138
6 3
5 0
4 1
3 3
2 0
1 1
0 0
8 114 153
7 1
6 0
5 0
4 3
3 3
2 1
1 2
0 2
8 114 154
7 0
6 1
5 0
4 0
3 3
2 0
1 1
0 3
8 114 155
7 0
6 3
5 0
4 1
3 3
2 0
1 2
0 2
6 115 66
5 1
4 3
3 1
2 1
1 3
0 2
6 115 67
6 0
5 0
3 1
2 2
1 2
0 0
6 115 113
6 0
5 0
4 0
2 0
1 3
0 3
7 115 139
6 3
5 3
4 3
3 0
2 0
1 0
0 3
7 115 140
6 0
5 3
4 1
3 0
2 0
1 2
0 3
8 115 154
7 1
6 3
5 0
4 1
3 0
2 3
1 1
0 3
8 115 155
7 1
6 2
5 0
4 0
3 3
2 2
1 2
0 3
6 116 67
5 1
4 3
3 0
2 1
1 0
0 1
6 116 112
5 1
4 0
3 0
2 0
1 1
0 3
6 116 115
6 1
5 0
3 0
2 1
1 1
0 3
7 116 138
6 0
5 0
4 2
3 3
2 0
1 2
0 0
7 116 139
6 3
5 0
4 3
3 0
2 0
1 0
0 2
8 116 154
7 1
6 1
5 1
4 0
3 3
2 0
1 2
0 3
8 116 156
7 1
6 0
5 0
4 0
3 3
2 0
1 0
0 3
6 117 66
5 1
4 0
3 1
2 2
1 2
0 3
6 117 68
5 1
4 0
3 2
2 1
1 2
0 0
6 117 69
5 0
4 0
3 1
2 1
1 3
0 1
7 117 72
6 0
5 1
4 0
3 0
2 2
1 1
0 1
6 117 110
6 0
5 0
4 2
3 0
2 0
0 0
6 117 111
6 0
4 3
3 0
2 0
1 3
0 3
6 117 112
5 0
4 1
3 3
2 1
1 3
0 3
6 117 114
5 0
4 3
3 3
2 1
1 2
0 0
7 117 137
6 1
5 0
4 2
3 0
2 0
1 0
0 3
7 117 138
7 0
6 3
5 3
3 0
2 0
1 2
0 3
7 117 139
6 3
5 0
4 0
3 2
2 0
1 2
0 3
8 117 154
7 1
6 0
5 0
4 2
3 0
2 3
1 2
0 3
6 118 68
5 1
4 0
3 0
2 2
1 1
0 0
6 118 69
6 0
5 1
4 3
3 1
2 0
0 0
6 118 70
5 1
4 2
3 1
2 0
1 3
0 0
7 118 71
6 0
5 1
4 2
3 1
2 2
1 1
0 3
7 118 74
6 0
5 0
4 2
3 1
2 1
1 0
0 1
6 118 109
5 0
4 3
3 0
2 1
1 3
0 2
7 118 136
6 2
5 0
4 1
3 3
2 0
1 3
0 0
7 118 138
6 3
5 0
4 0
3 0
2 3
1 1
0 3
8 118 155
7 2
6 0
5 3
4 3
3 0
2 0
1 2
0 1
8 118 156
7 1
6 1
5 0
4 2
3 0
2 0
1 0
0 3
6 119 69
7 0
6 0
4 0
2 1
1 3
0 3
6 119 70
5 0
4 2
3 1
2 1
1 0
0 0
6 119 71
6 0
4 0
3 0
2 1
1 3
0 1
6 119 72
5 1
4 0
3 0
2 2
1 0
0 3
6 119 73
6 0
5 0
4 1
2 1
1 0
0 0
6 119 108
5 0
4 0
3 0
2 0
1 0
0 0
6 119 112
6 1
5 0
4 2
3 0
2 1
0 3
7 119 136
6 3
5 0
4 0
3 0
2 0
1 0
0 2
7 119 137
6 3
5 3
4 2
3 0
2 0
1 2
0 0
8 119 155
7 0
6 1
5 0
4 1
3 3
2 0
1 2
0 3
8 119 156
7 2
6 1
5 0
4 2
3 3
2 0
1 0
0 0
6 120 70
5 2
4 2
3 0
2 1
1 3
0 0
6 120 72
6 0
5 1
4 1
3 3
2 1
0 0
6 120 73
5 1
4 2
3 0
2 2
1 2
0 0
7 120 74
6 0
5 0
4 1
3 1
2 2
1 1
0 0
6 120 75
6 1
5 1
4 1
2 1
1 3
0 3
6 120 106
5 3
4 0
3 0
2 1
1 3
0 3
6 120 107
6 0
5 0
4 2
3 0
1 3
0 3
6 120 108
6 0
4 0
3 0
2 0
1 3
0 3
6 120 109
5 0
4 0
3 0
2 2
1 2
0 3
7 120 135
6 0
5 3
4 3
3 0
2 0
1 3
0 3
7 120 136
6 3
5 0
4 2
3 0
2 0
1 2
0 1
7 120 137
6 0
5 0
4 3
3 0
2 3
1 2
0 3
7 120 138
6 0
5 0
4 1
3 3
2 0
1 3
0 3
8 120 155
7 1
6 3
5 0
4 0
3 0
2 0
1 0
0 2
8 120 156
7 1
6 3
5 3
4 2
3 0
2 0
1 2
0 0
9 120 165
8 0
7 0
6 2
5 0
4 2
3 0
2 0
1 1
0 2
6 121 72
6 0
4 2
3 0
2 1
1 0
0 0
7 121 73
6 1
5 2
4 1
3 1
2 1
1 3
0 3
6 121 74
6 0
5 0
3 1
2 1
1 1
0 0
6 121 75
6 0
5 1
4 1
3 0
2 1
1 1
6 121 76
6 0
5 1
4 0
3 0
1 1
0 0
6 121 77
5 1
4 2
3 0
2 2
1 3
0 3
6 121 103
5 0
4 3
3 3
2 1
1 3
0 0
6 121 104
5 1
4 0
3 3
2 1
1 2
0 3
6 121 106
5 0
4 0
3 0
2 1
1 3
0 2
6 121 109
6 1
5 0
4 0
3 0
2 1
1 2
7 121 135
6 0
5 0
4 3
3 0
2 0
1 3
0 2
7 121 136
6 1
5 0
4 1
3 3
2 1
1 2
0 3
8 121 155
7 1
6 3
5 0
4 2
3 0
2 0
1 2
0 1
8 121 156
7 1
6 0
5 0
4 3
3 0
2 3
1 2
0 3
7 122 73
6 0
5 1
4 1
3 0
2 2
1 2
0 1
6 122 74
6 0
5 2
3 0
2 1
1 2
0 0
7 122 75
6 0
5 1
4 3
3 2
2 1
1 1
0 0
6 122 77
6 1
5 1
4 2
3 0
2 1
1 3
6 122 78
6 0
5 0
3 1
2 1
1 0
0 3
6 122 102
5 0
4 2
3 0
2 1
1 1
0 0
6 122 104
6 2
4 2
3 0
2 1
1 3
0 3
6 122 105
6 0
5 1
4 3
3 0
2 0
0 3
6 122 106
5 1
4 2
3 0
2 0
1 3
0 3
7 122 135
6 2
5 0
4 1
3 1
2 0
1 2
0 3
7 122 136
6 2
5 0
4 0
3 0
2 3
1 3
0 3
8 122 154
7 0
6 2
5 3
4 1
3 0
2 0
1 2
0 3
8 122 155
7 1
6 1
5 0
4 1
3 3
2 1
1 2
0 3
8 122 156
7 2
6 0
5 0
4 3
3 3
2 3
1 2
0 0
9 122 167
8 0
7 1
6 3
5 0
4 2
3 0
2 0
1 0
0 2
7 123 74
6 0
5 2
4 0
3 1
2 0
1 3
0 0
6 123 75
6 3
4 3
3 0
2 2
1 3
0 0
6 123 76
6 0
5 0
4 0
2 1
1 0
0 0
6 123 80
5 0
4 1
3 0
2 2
1 3
0 0
6 123 81
6 0
5 1
3 0
2 2
1 2
0 3
6 123 83
6 0
5 0
4 0
3 1
2 1
1 2
6 123 84
5 0
4 0
3 1
2 1
1 0
0 3
6 123 102
6 0
4 2
3 0
2 1
1 2
0 3
6 123 105
6 0
5 0
4 2
3 0
2 1
1 2
7 123 134
6 0
5 0
4 0
3 0
2 3
1 2
0 3
8 123 154
7 0
6 2
5 0
4 1
3 0
2 0
1 2
0 2
8 123 155
7 1
6 2
5 0
4 0
3 0
2 3
1 3
0 3
8 123 156
7 2
6 2
5 3
4 2
3 0
2 2
1 2
0 3
7 124 74
6 0
5 3
4 0
3 1
2 1
1 0
0 0
7 124 77
6 0
5 0
4 0
3 1
2 2
1 1
0 0
6 124 78
6 0
5 1
3 0
2 1
1 3
0 2
6 124 79
5 1
4 0
3 0
2 1
1 2
0 1
6 124 81
6 3
5 0
4 2
3 1
2 1
1 3
6 124 82
6 0
4 0
3 0
2 1
1 1
0 0
6 124 84
5 2
4 0
3 0
2 1
1 3
0 3
6 124 85
5 0
4 2
3 1
2 1
1 2
0 0
6 124 86
5 0
4 3
3 0
2 2
1 3
0 0
6 124 87
5 1
4 0
3 0
2 2
1 2
0 3
6 124 88
6 0
5 0
4 1
2 1
1 2
0 0
6 124 89
5 1
4 0
3 3
2 1
1 2
0 0
6 124 90
5 0
4 0
3 0
2 1
1 3
0 1
6 124 91
6 1
4 0
3 0
2 1
1 2
0 0
6 124 96
5 0
4 1
3 1
2 1
1 2
0 3
6 124 97
6 2
5 1
4 0
2 1
1 2
0 3
6 124 98
5 0
4 0
3 0
2 2
1 3
0 3
6 124 100
5 0
4 0
3 3
2 1
1 3
0 0
6 124 101
6 2
5 1
3 0
2 1
1 1
0 3
7 124 135
6 2
5 3
4 1
3 0
2 1
1 2
0 3
7 124 136
6 1
5 0
4 0
3 0
2 0
1 0
0 3
8 124 154
7 2
6 2
5 0
4 1
3 2
2 0
1 2
0 0
8 124 156
7 0
6 2
5 0
4 2
3 3
2 0
1 3
0 3
7 125 75
6 3
5 0
4 2
3 1
2 2
1 0
0 0
7 125 76
6 1
5 2
4 0
3 1
2 1
1 3
0 3
7 125 77
6 0
5 2
4 0
3 0
2 2
1 2
0 0
6 125 80
6 3
4 2
3 0
2 1
1 0
0 0
6 125 81
5 1
4 3
3 3
2 1
1 3
0 0
6 125 84
5 1
4 0
3 0
2 1
1 3
0 2
6 125 86
6 0
4 0
3 0
2 1
1 0
0 3
6 125 87
6 1
5 1
4 0
3 0
2 1
1 2
6 125 88
6 0
5 0
4 3
3 1
2 1
0 3
6 125 89
5 0
4 2
3 1
2 1
1 3
0 3
6 125 90
6 0
5 1
4 3
3 0
2 0
0 0
6 125 91
5 1
4 2
3 0
2 0
1 3
0 0
6 125 92
6 0
5 0
4 1
2 1
1 3
0 3
6 125 93
5 1
4 0
3 3
2 1
1 3
0 3
6 125 94
6 0
5 0
4 3
2 1
1 2
0 0
6 125 98
5 0
4 1
3 0
2 1
1 1
0 0
6 125 100
6 2
4 1
3 0
2 1
1 3
0 3
7 125 133
6 2
5 0
4 2
3 3
2 1
1 2
0 0
7 125 135
6 2
5 0
4 1
3 0
2 1
1 2
0 2
8 125 154
7 0
6 0
5 0
4 2
3 3
2 0
1 2
0 3
8 125 155
7 1
6 1
5 0
4 0
3 0
2 0
1 0
0 3
8 125 156
7 1
6 3
5 0
4 1
3 0
2 0
1 3
0 2
9 125 169
8 0
7 1
6 3
5 3
4 3
3 0
2 0
1 0
0 3
7 126 76
6 0
5 1
4 0
3 0
2 2
1 2
0 1
7 126 78
6 1
5 2
4 0
3 0
2 1
1 0
0 0
6 126 87
6 0
4 2
3 0
2 1
1 2
0 0
6 126 88
6 0
5 0
4 1
3 0
1 3
0 0
6 126 91
5 0
4 2
3 0
2 1
1 0
0 0
7 126 132
6 0
5 0
4 2
3 0
2 0
1 0
0 3
8 126 153
7 2
6 0
5 3
4 3
3 1
2 0
1 2
0 3
8 126 155
7 1
6 2
5 1
4 3
3 0
2 0
1 1
0 3
9 126 170
8 0
7 1
6 0
5 0
4 1
3 0
2 0
1 2
0 2
7 127 77
6 0
5 1
4 2
3 2
2 1
1 2
0 0
7 127 78
6 0
5 0
4 2
3 1
2 1
1 3
0 1
7 127 79
6 0
5 1
4 1
3 1
2 1
1 2
0 2
7 127 131
6 3
5 0
4 1
3 3
2 0
1 3
0 0
7 127 133
7 0
6 3
5 0
4 0
2 0
1 2
0 3
8 127 153
7 2
6 0
5 0
4 3
3 1
2 0
1 2
0 2
8 127 154
7 0
6 2
5 0
4 3
3 3
2 0
1 2
0 0
8 127 155
7 1
6 3
5 3
4 0
3 0
2 0
1 2
0 0
7 128 80
6 0
5 1
4 1
3 0
2 1
1 1
0 1
7 128 132
6 2
5 0
4 3
3 0
2 0
1 0
0 0
7 128 133
6 1
5 0
4 1
3 0
2 0
1 2
0 0
8 128 153
7 0
6 3
5 3
4 2
3 0
2 0
1 2
0 3
8 128 154
7 1
6 0
5 0
4 2
3 3
2 1
1 2
0 3
8 128 155
7 2
6 2
5 3
4 3
3 0
2 1
1 3
0 2
7 129 78
6 0
5 0
4 1
3 1
2 2
1 2
0 0
7 129 79
6 1
5 1
4 1
3 1
2 0
1 3
0 0
7 129 81
6 0
5 1
4 2
3 0
2 2
1 0
0 3
7 129 129
6 3
5 0
4 0
3 0
2 1
1 1
0 2
7 129 130
6 0
5 0
4 3
3 0
2 0
1 1
0 0
7 129 131
7 0
6 3
4 3
3 0
2 0
1 2
0 3
8 129 153
7 0
6 3
5 0
4 2
3 0
2 0
1 2
0 2
8 129 154
7 2
6 2
5 3
4 0
3 0
2 0
1 0
0 0
9 129 169
8 0
7 0
6 2
5 0
4 2
3 0
2 0
1 2
0 2
9 129 170
8 0
7 2
6 2
5 1
4 2
3 0
2 0
1 1
0 2
7 130 81
6 0
5 3
4 3
3 1
2 1
1 3
0 0
7 130 128
6 0
5 3
4 3
3 0
2 1
1 2
0 3
7 130 129
6 3
5 1
4 2
3 0
2 0
1 1
0 3
7 130 130
6 2
5 0
4 3
3 0
2 1
1 3
0 2
7 130 131
6 0
5 0
4 1
3 3
2 1
1 2
0 3
8 130 154
7 1
6 2
5 0
4 3
3 3
2 1
1 2
0 0
8 130 155
7 1
6 3
5 0
4 2
3 0
2 0
1 1
0 0
9 130 171
8 0
7 1
6 2
5 0
4 2
3 0
2 0
1 1
0 0
7 131 80
6 0
5 0
4 3
3 1
2 1
1 3
0 1
7 131 81
6 2
5 1
4 3
3 0
2 2
1 0
0 0
7 131 83
6 3
5 1
4 2
3 1
2 2
1 2
0 3
7 131 128
6 0
5 0
4 3
3 0
2 1
1 2
0 2
7 131 129
6 2
5 0
4 0
3 0
2 0
1 0
0 0
7 131 130
6 3
5 0
4 1
3 1
2 0
1 2
0 3
8 131 152
7 2
6 2
5 0
4 2
3 1
2 0
1 0
0 3
8 131 153
7 1
6 0
5 0
4 3
3 0
2 0
1 0
0 3
8 131 154
7 2
6 1
5 2
4 0
3 0
2 0
1 2
0 3
9 131 169
8 0
7 1
6 1
5 0
4 3
3 0
2 0
1 0
0 3
9 131 171
8 0
7 1
6 3
5 0
4 2
3 0
2 0
1 3
0 2
7 132 83
6 0
5 1
4 0
3 0
2 1
1 1
0 1
7 132 127
6 0
5 0
4 0
3 0
2 0
1 1
0 0
7 132 129
7 0
6 3
5 0
3 3
2 1
1 2
0 3
8 132 152
7 2
6 1
5 0
4 3
3 0
2 0
1 3
0 1
8 132 153
7 0
6 0
5 0
4 0
3 3
2 0
1 2
0 3
8 132 154
7 2
6 0
5 1
4 0
3 3
2 0
1 1
0 3
7 133 82
6 0
5 1
4 2
3 1
2 1
1 1
0 3
7 133 83
6 0
5 1
4 3
3 0
2 2
1 0
0 3
7 133 84
6 1
5 1
4 3
3 0
2 1
1 3
0 1
7 133 85
6 0
5 1
4 3
3 3
2 1
1 0
0 0
7 133 124
6 2
5 0
4 3
3 3
2 1
1 3
0 0
7 133 125
6 0
5 3
4 0
3 0
2 1
1 2
0 3
7 133 127
6 2
5 0
4 0
3 0
2 1
1 3
0 2
7 133 128
6 1
5 0
4 3
3 0
2 0
1 3
0 0
8 133 151
7 0
6 3
5 0
4 2
3 3
2 0
1 3
0 3
8 133 152
7 2
6 2
5 1
4 2
3 0
2 0
1 3
0 2
8 133 154
7 2
6 0
5 0
4 3
3 3
2 2
1 2
0 3
9 133 169
8 0
7 1
6 3
5 0
4 1
3 0
2 3
1 2
0 3
7 134 85
6 0
5 0
4 0
3 1
2 2
1 3
0 3
7 134 86
6 0
5 1
4 0
3 0
2 3
1 3
0 0
7 134 87
6 0
5 0
4 0
3 2
2 1
1 3
0 0
7 134 122
6 0
5 0
4 3
3 3
2 1
1 2
0 0
7 134 123
6 2
5 0
4 2
3 0
2 1
1 1
0 0
7 134 125
6 0
5 0
4 0
3 0
2 1
1 2
0 2
7 134 126
6 3
5 0
4 2
3 0
2 2
1 2
0 3
7 134 127
6 2
5 1
4 2
3 0
2 0
1 3
0 3
8 134 153
7 0
6 1
5 0
4 2
3 0
2 0
1 2
0 3
7 135 85
6 0
5 0
4 1
3 1
2 1
1 1
0 0
7 135 86
7 0
6 1
5 0
4 0
2 1
1 3
0 0
7 135 87
6 0
5 0
4 0
3 0
2 2
1 0
0 0
7 135 88
6 3
5 0
4 3
3 1
2 1
1 3
0 1
7 135 89
6 0
5 1
4 1
3 1
2 0
1 3
0 3
7 135 90
6 2
5 1
4 1
3 0
2 2
1 2
0 0
7 135 121
6 1
5 0
4 3
3 0
2 1
1 0
0 3
7 135 123
6 3
5 0
4 2
3 0
2 1
1 3
0 2
7 135 125
6 0
5 1
4 2
3 0
2 0
1 2
0 3
8 135 150
7 1
6 3
5 1
4 3
3 0
2 0
1 1
0 3
8 135 151
7 1
6 0
5 0
4 2
3 0
2 0
1 2
0 0
8 135 152
7 0
6 3
5 3
4 0
3 0
2 0
1 2
0 3
8 135 153
7 1
6 0
5 0
4 0
3 3
2 1
1 2
0 3
7 136 86
6 2
5 1
4 1
3 0
2 1
1 3
0 1
7 136 89
6 0
5 0
4 1
3 1
2 1
1 0
0 3
7 136 91
6 0
5 0
4 3
3 1
2 1
1 1
0 0
7 136 119
6 2
5 0
4 0
3 0
2 2
1 3
0 3
7 136 121
6 2
5 0
4 0
3 3
2 1
1 3
0 0
7 136 122
7 0
6 0
5 0
3 0
2 0
1 3
0 3
7 136 124
7 0
5 0
4 0
3 0
2 0
1 2
0 0
8 136 151
7 1
6 3
5 0
4 2
3 3
2 1
1 3
0 3
8 136 152
7 0
6 3
5 0
4 0
3 0
2 0
1 2
0 2
9 136 169
8 0
7 2
6 0
5 0
4 1
3 3
2 0
1 1
0 0
7 137 88
7 0
6 1
5 1
4 0
3 0
2 1
1 2
7 137 89
6 0
5 2
4 1
3 0
2 1
1 3
0 3
7 137 90
6 2
5 1
4 0
3 1
2 0
1 3
0 0
7 137 91
6 0
5 2
4 3
3 0
2 1
1 2
0 0
7 137 92
6 0
5 0
4 2
3 0
2 2
1 3
0 0
7 137 93
6 1
5 1
4 3
3 1
2 1
1 2
0 3
7 137 94
6 0
5 1
4 1
3 3
2 1
1 2
0 0
7 137 116
6 3
5 1
4 3
3 0
2 0
1 1
0 0
7 137 117
6 0
5 0
4 0
3 0
2 2
1 2
0 3
7 137 118
6 1
5 1
4 0
3 0
2 0
1 3
0 3
7 137 119
6 0
5 0
4 0
3 3
2 1
1 2
0 0
7 137 120
7 0
6 1
5 0
3 0
2 1
1 2
0 3
7 137 121
6 3
5 3
4 3
3 0
2 1
1 2
0 0
7 137 122
6 3
5 0
4 1
3 0
2 2
1 2
0 3
8 137 149
7 0
6 1
5 0
4 1
3 0
2 0
1 2
0 3
8 137 150
7 2
6 1
5 0
4 2
3 0
2 0
1 0
0 0
8 137 152
7 2
6 0
5 0
4 2
3 0
2 3
1 3
0 3
9 137 170
8 0
7 1
6 2
5 0
4 0
3 0
2 0
1 1
0 0
7 138 90
6 0
5 1
4 3
3 0
2 1
1 2
0 1
7 138 93
6 1
5 1
4 1
3 0
2 1
1 0
0 3
7 138 94
6 3
5 1
4 0
3 0
2 3
1 3
0 0
7 138 95
6 0
5 2
4 3
3 0
2 1
1 3
0 3
7 138 98
6 0
5 1
4 1
3 3
2 1
1 3
0 3
7 138 99
6 0
5 0
4 0
3 1
2 0
1 3
0 0
7 138 111
6 0
5 0
4 3
3 3
2 1
1 3
0 0
7 138 112
6 0
5 1
4 0
3 3
2 1
1 2
0 3
7 138 114
6 0
5 0
4 0
3 0
2 1
1 3
0 2
7 138 115
6 3
5 0
4 2
3 0
2 2
1 3
0 3
7 138 117
6 3
5 0
4 2
3 3
2 1
1 3
0 0
7 138 118
6 1
5 0
4 0
3 0
2 1
1 0
0 3
7 138 119
6 3
5 0
4 1
3 0
2 1
1 3
0 2
7 138 120
6 3
5 0
4 3
3 0
2 1
1 2
0 1
8 138 149
7 2
6 3
5 3
4 0
3 0
2 0
1 0
0 0
9 138 170
8 0
7 1
6 3
5 0
4 0
3 0
2 0
1 3
0 2
9 138 171
8 0
7 2
6 1
5 0
4 1
3 3
2 1
1 1
0 3
8 139 91
7 0
6 0
5 0
4 1
3 1
2 1
1 3
0 2
7 139 92
6 0
5 1
4 0
3 1
2 0
1 3
0 3
7 139 93
6 2
5 1
4 0
3 0
2 2
1 2
0 0
7 139 94
7 0
6 0
5 0
3 1
2 1
1 2
0 3
7 139 95
6 0
5 1
4 3
3 0
2 1
1 3
0 2
7 139 99
6 1
5 1
4 3
3 0
2 1
1 0
0 3
7 139 101
6 3
5 1
4 2
3 0
2 1
1 3
0 2
7 139 102
6 2
5 0
4 1
3 1
2 1
1 2
0 0
7 139 104
6 0
5 1
4 3
3 3
2 1
1 3
0 3
7 139 105
6 2
5 1
4 2
3 0
2 1
1 0
0 3
7 139 107
7 0
6 0
5 0
3 0
2 0
1 3
0 0
7 139 108
7 0
6 0
5 0
4 3
3 0
2 1
1 2
7 139 110
6 0
5 0
4 2
3 0
2 1
1 1
0 0
7 139 111
6 3
5 1
4 0
3 1
2 0
1 2
0 3
7 139 114
6 0
5 1
4 2
3 0
2 0
1 3
0 3
7 139 115
7 1
6 3
5 0
4 1
3 0
2 1
0 0
7 139 118
6 2
5 1
4 3
3 0
2 1
1 1
0 3
8 139 148
7 1
6 2
5 1
4 3
3 0
2 0
1 3
0 3
8 139 149
7 1
6 3
5 0
4 3
3 3
2 1
1 2
0 0
8 139 150
7 2
6 3
5 3
4 0
3 0
2 2
1 2
0 3
8 139 151
7 1
6 0
5 0
4 1
3 0
2 0
1 3
0 3
8 140 91
7 0
6 0
5 1
4 1
3 3
2 1
1 1
0 0
7 140 95
6 2
5 0
4 2
3 1
2 1
1 3
0 0
7 140 96
7 0
6 0
5 0
3 0
2 1
1 1
0 0
7 140 97
6 2
5 1
4 0
3 0
2 2
1 3
0 3
7 140 99
6 0
5 3
4 0
3 0
2 1
1 3
0 0
7 140 100
7 0
5 0
4 0
3 1
2 1
1 2
0 3
7 140 101
6 1
5 0
4 0
3 1
2 1
1 3
0 3
7 140 102
6 0
5 0
4 0
3 0
2 2
1 2
0 0
7 140 103
6 0
5 1
4 2
3 0
2 1
1 1
0 3
7 140 104
6 3
5 3
4 1
3 0
2 1
1 3
0 0
7 140 106
6 2
5 0
4 1
3 1
2 1
1 3
0 3
7 140 107
6 3
5 0
4 1
3 0
2 2
1 2
0 0
7 140 108
6 2
5 0
4 3
3 1
2 1
1 2
0 0
7 140 111
6 3
5 0
4 0
3 1
2 1
1 1
0 3
7 140 112
6 1
5 1
4 2
3 0
2 1
1 2
0 3
7 140 113
6 3
5 1
4 0
3 0
2 0
1 1
0 0
7 140 114
6 0
5 0
4 2
3 0
2 1
1 0
0 3
8 140 148
7 1
6 2
5 0
4 3
3 0
2 1
1 0
0 3
8 140 149
7 1
6 1
5 0
4 1
3 0
2 1
1 2
0 3
8 140 150
7 0
6 3
5 0
4 0
3 3
2 0
1 3
0 3
9 140 171
8 0
7 2
6 1
5 0
4 0
3 0
2 0
1 2
0 1
8 141 91
7 0
6 1
5 1
4 2
3 0
2 2
1 3
0 3
7 141 100
6 3
5 0
4 2
3 0
2 2
1 3
0 0
7 141 101
6 2
5 1
4 3
3 1
2 1
1 2
0 3
7 141 102
6 3
5 1
4 1
3 3
2 1
1 2
0 0
7 141 103
6 1
5 0
4 0
3 0
2 1
1 0
0 0
7 141 104
6 0
5 0
4 1
3 1
2 1
1 2
0 3
7 141 105
6 3
5 1
4 3
3 0
2 0
1 0
0 0
7 141 106
6 0
5 0
4 0
3 0
2 2
1 3
0 3
7 141 108
6 0
5 0
4 0
3 3
2 1
1 3
0 0
7 141 110
6 3
5 3
4 3
3 0
2 1
1 3
0 0
8 141 147
7 2
6 0
5 0
4 3
3 0
2 0
1 3
0 1
8 141 148
7 0
6 2
5 0
4 0
3 3
2 1
1 2
0 3
9 141 170
8 0
7 2
6 0
5 3
4 0
3 3
2 1
1 2
0 3
8 142 146
7 1
6 3
5 0
4 0
3 3
2 1
1 2
0 0
8 142 148
7 2
6 2
5 0
4 1
3 1
2 0
1 2
0 0
8 142 149
7 2
6 0
5 0
4 0
3 0
2 1
1 1
0 2
9 142 168
8 0
7 2
6 2
5 0
4 2
3 3
2 1
1 1
0 0
8 143 95
7 0
6 0
5 1
4 0
3 0
2 0
1 3
0 1
8 143 145
7 1
6 2
5 0
4 0
3 0
2 1
1 0
0 3
8 143 147
7 2
6 0
5 0
4 0
3 0
2 3
1 2
0 0
8 143 148
7 0
6 0
5 0
4 2
3 0
2 0
1 2
0 3
9 143 168
8 0
7 1
6 3
5 0
4 3
3 0
2 0
1 1
0 0
9 143 170
8 0
7 1
6 1
5 0
4 0
3 0
2 0
1 3
0 3
8 144 93
7 0
6 1
5 1
4 0
3 0
2 1
1 2
0 1
8 144 94
7 0
6 0
5 1
4 0
3 3
2 1
1 1
0 0
8 144 95
7 0
6 0
5 0
4 0
3 0
2 1
1 0
0 1
8 144 145
7 2
6 2
5 0
4 0
3 3
2 1
1 0
0 0
8 144 146
7 1
6 2
5 0
4 2
3 0
2 1
1 2
0 0
8 144 147
7 2
6 2
5 1
4 3
3 1
2 0
1 2
0 3
9 144 169
8 0
7 1
6 3
5 0
4 1
3 3
2 1
1 2
0 3
8 145 94
7 0
6 0
5 0
4 2
3 1
2 1
1 0
0 3
8 145 143
7 2
6 0
5 0
4 0
3 3
2 1
1 1
0 0
8 145 144
7 1
6 1
5 0
4 3
3 0
2 1
1 3
0 3
8 145 146
7 0
6 2
5 0
4 1
3 0
2 0
1 3
0 3
9 145 169
8 0
7 2
6 3
5 0
4 2
3 1
2 0
1 1
0 3
9 145 170
8 0
7 1
6 2
5 0
4 3
3 0
2 1
1 1
0 3
8 146 142
7 2
6 1
5 0
4 3
3 0
2 2
1 3
0 3
8 146 144
7 0
6 0
5 0
4 1
3 0
2 0
1 2
0 3
8 146 145
7 2
6 0
5 0
4 2
3 0
2 0
1 0
0 0
9 146 168
8 0
7 2
6 0
5 0
4 1
3 0
2 0
1 3
0 2
9 146 169
8 0
7 2
6 0
5 0
4 3
3 0
2 0
1 2
0 1
8 147 98
7 0
6 1
5 1
4 2
3 0
2 1
1 0
0 3
8 147 100
7 0
6 3
5 1
4 0
3 2
2 1
1 2
0 3
8 147 140
7 2
6 3
5 3
4 0
3 1
2 1
1 2
0 3
8 147 142
7 1
6 2
5 0
4 1
3 0
2 1
1 2
0 0
8 147 143
7 2
6 0
5 3
4 2
3 0
2 1
1 3
0 3
8 147 144
7 2
6 2
5 1
4 0
3 1
2 0
1 2
0 3
9 147 169
8 0
7 1
6 3
5 0
4 0
3 0
2 0
1 0
0 3
8 148 98
7 0
6 3
5 0
4 2
3 1
2 1
1 1
0 0
8 148 101
7 0
6 1
5 0
4 3
3 1
2 1
1 2
0 0
8 148 139
7 1
6 3
5 0
4 3
3 0
2 1
1 1
0 0
8 148 140
7 2
6 2
5 0
4 1
3 0
2 2
1 2
0 0
8 148 141
7 1
6 1
5 0
4 0
3 0
2 1
1 3
0 3
8 148 143
7 1
6 3
5 1
4 3
3 0
2 0
1 3
0 3
8 149 99
7 3
6 0
5 1
4 0
3 1
2 0
1 3
0 2
8 149 102
7 0
6 3
5 0
4 2
3 1
2 1
1 0
0 3
8 149 138
7 0
6 2
5 1
4 0
3 0
2 0
1 2
0 3
8 149 139
7 2
6 1
5 0
4 0
3 0
2 2
1 3
0 3
8 149 140
7 0
6 3
5 0
4 0
3 0
2 0
1 0
0 3
8 149 141
7 1
6 2
5 1
4 3
3 0
2 1
1 2
0 3
8 149 142
7 3
6 2
5 0
4 0
3 0
2 3
1 2
0 0
9 149 166
8 0
7 2
6 0
5 0
4 0
3 0
2 0
1 2
0 1
9 149 167
8 0
7 2
6 2
5 0
4 0
3 3
2 1
1 1
0 0
8 150 100
7 0
6 0
5 0
4 0
3 1
2 0
1 3
0 0
8 150 102
7 0
6 0
5 0
4 3
3 0
2 1
1 3
0 1
8 150 105
7 0
6 3
5 0
4 1
3 1
2 0
1 3
0 0
8 150 135
7 0
6 0
5 0
4 3
3 0
2 0
1 2
0 0
8 150 136
7 1
6 3
5 1
4 0
3 0
2 0
1 2
0 0
8 150 137
7 1
6 0
5 0
4 2
3 0
2 1
1 3
0 3
8 150 138
7 0
6 2
5 0
4 0
3 0
2 1
1 1
0 3
8 150 139
7 2
6 0
5 3
4 1
3 0
2 1
1 3
0 3
8 150 140
7 2
6 2
5 0
4 0
3 1
2 0
1 3
0 0
9 150 165
8 0
7 2
6 0
5 0
4 2
3 1
2 0
1 2
0 3
9 150 167
8 0
7 2
6 3
5 0
4 0
3 3
2 1
1 3
0 2
8 151 101
7 1
6 1
5 1
4 1
3 0
2 1
1 3
0 0
8 151 102
7 0
6 3
5 1
4 2
3 0
2 1
1 3
0 2
8 151 103
7 0
6 2
5 0
4 1
3 1
2 1
1 2
0 0
8 151 104
7 2
6 0
5 1
4 0
3 2
2 1
1 2
0 0
8 151 106
7 0
6 2
5 1
4 2
3 0
2 1
1 0
0 3
8 151 133
7 2
6 2
5 1
4 0
3 1
2 0
1 3
0 3
8 151 134
7 0
6 3
5 1
4 2
3 0
2 0
1 2
0 3
8 151 135
7 0
6 3
5 0
4 3
3 3
2 1
1 3
0 3
8 151 136
7 1
6 3
5 0
4 0
3 0
2 1
1 1
0 0
8 151 137
7 2
6 0
5 0
4 2
3 3
2 1
1 3
0 0
8 151 138
7 2
6 0
5 0
4 0
3 1
2 0
1 2
0 0
8 151 139
7 0
6 0
5 0
4 3
3 0
2 0
1 3
0 3
9 151 166
8 0
7 1
6 3
5 0
4 1
3 0
2 0
1 2
0 0
8 152 104
7 0
6 0
5 1
4 2
3 0
2 1
1 1
0 3
8 152 105
7 0
6 3
5 3
4 1
3 0
2 1
1 3
0 0
8 152 106
7 2
6 0
5 1
4 2
3 1
2 0
1 3
0 0
8 152 107
7 0
6 2
5 0
4 1
3 1
2 1
1 3
0 3
8 152 108
7 0
6 3
5 0
4 1
3 0
2 2
1 2
0 0
8 152 109
7 0
6 2
5 0
4 3
3 1
2 1
1 2
0 0
8 152 131
7 2
6 0
5 1
4 0
3 1
2 0
1 2
0 3
8 152 134
7 0
6 2
5 0
4 0
3 0
2 0
1 3
0 0
8 152 135
7 2
6 2
5 1
4 0
3 0
2 0
1 0
0 0
8 152 137
7 0
6 1
5 0
4 3
3 0
2 1
1 2
0 3
9 152 167
8 0
7 2
6 2
5 0
4 2
3 0
2 1
1 3
0 2
8 153 105
7 0
6 0
5 0
4 1
3 1
2 1
1 2
0 3
8 153 107
7 0
6 0
5 0
4 0
3 0
2 2
1 3
0 3
8 153 110
7 2
6 0
5 1
4 0
3 3
2 1
1 0
0 0
8 153 111
7 0
6 3
5 3
4 3
3 0
2 1
1 3
0 0
8 153 112
7 0
6 3
5 0
4 1
3 0
2 2
1 3
0 3
8 153 113
7 0
6 2
5 0
4 3
3 1
2 1
1 3
0 3
8 153 114
7 0
6 3
5 0
4 1
3 3
2 1
1 3
0 0
8 153 127
7 0
6 2
5 1
4 0
3 0
2 0
1 3
0 3
8 153 128
7 0
6 3
5 0
4 0
3 3
2 1
1 2
0 0
8 153 130
7 1
6 2
5 1
4 3
3 0
2 1
1 3
0 3
8 153 131
7 2
6 0
5 0
4 0
3 1
2 1
1 1
0 3
8 153 132
7 0
6 0
5 0
4 0
3 0
2 0
1 2
0 0
8 153 133
7 1
6 0
5 0
4 1
3 0
2 1
1 3
0 3
8 153 134
7 2
6 2
5 0
4 2
3 1
2 1
1 2
0 0
8 153 135
7 1
6 0
5 0
4 3
3 0
2 1
1 2
0 0
9 153 165
8 0
7 1
6 3
5 1
4 3
3 0
2 0
1 2
0 3
9 153 166
8 1
7 2
6 2
5 0
4 2
3 1
2 1
1 1
0 3
8 154 107
7 0
6 0
5 0
4 1
3 0
2 1
1 1
0 0
8 154 108
7 0
6 3
5 0
4 0
3 1
2 0
1 3
0 0
8 154 109
7 0
6 3
5 1
4 3
3 3
2 1
1 2
0 0
8 154 110
7 0
6 3
5 0
4 3
3 0
2 1
1 3
0 1
8 154 111
7 0
6 0
5 0
4 3
3 1
2 1
1 2
0 3
8 154 113
7 0
6 0
5 1
4 3
3 0
2 0
1 2
0 0
8 154 114
7 2
6 3
5 3
4 0
3 1
2 1
1 3
0 0
8 154 116
7 0
6 1
5 0
4 1
3 0
2 1
1 2
0 0
8 154 117
7 0
6 3
5 0
4 2
3 1
2 1
1 2
0 3
8 154 118
7 0
6 3
5 0
4 3
3 0
2 2
1 3
0 3
8 154 119
7 0
6 3
5 1
4 2
3 0
2 0
1 2
0 0
8 154 120
7 0
6 3
5 0
4 3
3 3
2 1
1 3
0 0
8 154 121
7 0
6 3
5 1
4 0
3 3
2 1
1 2
0 3
8 154 122
7 2
6 0
5 1
4 1
3 3
2 1
1 2
0 0
8 154 123
7 0
6 3
5 0
4 0
3 0
2 1
1 3
0 2
8 154 124
7 0
6 0
5 0
4 3
3 0
2 0
1 3
0 0
8 154 125
7 0
6 0
5 1
4 0
3 0
2 0
1 2
0 3
8 154 127
7 0
6 2
5 0
4 0
3 0
2 1
1 0
0 3
8 154 128
7 1
6 0
5 1
4 3
3 0
2 1
1 2
0 3
8 154 129
7 2
6 3
5 0
4 2
3 1
2 1
1 0
0 3
8 154 130
7 0
6 3
5 0
4 2
3 0
2 0
1 3
0 0
8 154 131
7 2
6 0
5 0
4 1
3 0
2 2
1 3
0 3
8 154 132
7 0
6 3
5 0
4 0
3 3
2 1
1 3
0 3
8 154 133
7 2
6 0
5 0
4 1
3 3
2 1
1 3
0 0
9 154 163
8 0
7 2
6 0
5 0
4 1
3 0
2 0
1 1
0 0
9 154 166
8 0
7 2
6 2
5 0
4 1
3 0
2 2
1 2
0 3
8 155 110
7 2
6 1
5 1
4 2
3 0
2 1
1 0
0 0
8 155 111
7 0
6 0
5 0
4 1
3 0
2 1
1 0
0 3
8 155 112
7 2
6 3
5 1
4 0
3 2
2 1
1 2
0 0
8 155 114
7 1
6 3
5 1
4 0
3 0
2 1
1 1
0 0
8 155 115
7 2
6 0
5 1
4 2
3 3
2 1
1 3
0 0
8 155 116
7 2
6 0
5 1
4 0
3 1
2 0
1 2
0 0
8 155 117
7 0
6 0
5 1
4 3
3 0
2 0
1 3
0 3
8 155 119
7 0
6 3
5 0
4 2
3 0
2 1
1 1
0 0
8 155 120
7 0
6 1
5 0
4 1
3 0
2 1
1 3
0 3
8 155 121
7 2
6 1
5 1
4 1
3 0
2 1
1 0
0 3
8 155 122
7 0
6 1
5 0
4 3
3 0
2 1
1 2
0 0
8 155 123
7 0
6 3
5 1
4 2
3 0
2 0
1 3
0 3
8 155 125
7 0
6 0
5 0
4 0
3 0
2 1
1 1
0 3
8 155 126
7 2
6 0
5 1
4 1
3 3
2 1
1 3
0 3
8 155 127
7 2
6 0
5 0
4 0
3 1
2 0
1 3
0 0
8 155 128
7 0
6 2
5 0
4 2
3 0
2 1
1 2
0 0
8 155 129
7 2
6 0
5 0
4 3
3 0
2 1
1 3
0 1
8 155 130
7 0
6 3
5 0
4 1
3 0
2 1
1 1
0 3
9 155 163
8 0
7 0
6 2
5 0
4 3
3 0
2 0
1 3
0 3
9 155 164
8 0
7 2
6 2
5 0
4 3
3 0
2 1
1 2
0 1
8 156 115
7 0
6 1
5 1
4 3
3 0
2 1
1 2
0 3
8 156 116
7 2
6 0
5 0
4 0
3 1
2 1
1 1
0 0
8 156 118
7 1
6 0
5 0
4 1
3 0
2 1
1 3
0 0
8 156 120
7 2
6 0
5 1
4 0
3 1
2 0
1 3
0 3
8 156 121
7 0
6 2
5 1
4 2
3 0
2 1
1 2
0 3
8 156 123
7 0
6 3
5 0
4 2
3 0
2 1
1 0
0 3
9 156 163
8 0
7 3
6 2
5 0
4 3
3 3
2 0
1 3
0 0
9 156 164
8 0
7 2
6 3
5 3
4 0
3 0
2 0
1 3
0 0
9 157 162
8 0
7 1
6 3
5 0
4 0
3 0
2 1
1 1
0 3
9 157 163
8 0
7 2
6 0
5 0
4 2
3 3
2 1
1 3
0 3
9 158 160
8 0
7 0
6 2
5 0
4 0
3 0
2 0
1 3
0 3
9 158 161
8 0
7 2
6 1
5 0
4 1
3 0
2 0
1 3
0 0
10 158 183
9 0
8 0
7 2
6 0
5 0
4 2
3 0
2 0
1 0
0 3
9 159 160
8 0
7 2
6 2
5 0
4 2
3 1
2 1
1 2
0 3
9 159 161
8 0
7 1
6 0
5 0
4 3
3 0
2 1
1 2
0 3
9 159 162
8 0
7 2
6 2
5 1
4 2
3 0
2 0
1 2
0 0
9 160 158
8 0
7 3
6 0
5 0
4 0
3 3
2 0
1 2
0 0
9 160 159
8 0
7 2
6 0
5 0
4 1
3 3
2 1
1 3
0 3
9 160 160
8 0
7 2
6 1
5 1
4 3
3 0
2 0
1 3
0 3
10 160 184
9 0
8 0
7 2
6 1
5 0
4 1
3 0
2 0
1 2
0 0
9 161 158
8 0
7 2
6 3
5 0
4 1
3 1
2 0
1 3
0 3
9 162 155
8 0
7 2
6 0
5 0
4 0
3 0
2 0
1 0
0 0
9 162 156
8 0
7 2
6 2
5 0
4 1
3 1
2 1
1 2
0 3
9 162 158
8 0
7 1
6 0
5 0
4 0
3 0
2 1
1 2
0 3
9 162 159
8 1
7 0
6 2
5 0
4 0
3 0
2 1
1 1
0 3
9 163 154
8 0
7 0
6 3
5 0
4 3
3 0
2 0
1 2
0 0
9 163 156
8 0
7 1
6 3
5 0
4 2
3 0
2 1
1 3
0 3
9 163 157
8 0
7 2
6 1
5 1
4 0
3 0
2 0
1 3
0 3
9 163 158
8 0
7 2
6 0
5 0
4 0
3 3
2 1
1 2
0 0
9 164 153
8 0
7 2
6 0
5 0
4 0
3 0
2 1
1 3
0 2
9 164 156
8 0
7 2
6 3
5 0
4 2
3 3
2 1
1 3
0 0
9 165 151
8 1
7 1
6 2
5 1
4 3
3 0
2 1
1 3
0 3
9 165 154
8 0
7 3
6 1
5 0
4 1
3 0
2 0
1 2
0 0
9 165 155
8 0
7 3
6 3
5 0
4 2
3 1
2 0
1 2
0 3
9 166 149
8 0
7 3
6 0
5 0
4 1
3 0
2 0
1 0
0 3
9 166 151
8 0
7 0
6 3
5 0
4 0
3 0
2 0
1 2
0 0
9 166 153
8 0
7 2
6 0
5 0
4 2
3 0
2 1
1 0
0 3
9 166 154
8 0
7 1
6 3
5 0
4 3
3 0
2 1
1 2
0 0
10 166 180
9 0
8 0
7 2
6 1
5 0
4 0
3 0
2 1
1 1
0 3
9 167 118
8 0
7 2
6 3
5 1
4 2
3 1
2 1
1 0
0 3
9 167 122
8 0
7 2
6 0
5 1
4 1
3 3
2 1
1 3
0 0
9 167 123
8 0
7 3
6 2
5 1
4 1
3 1
2 0
1 3
0 3
9 167 147
8 0
7 1
6 3
5 1
4 3
3 0
2 1
1 2
0 3
9 167 150
8 0
7 2
6 3
5 0
4 1
3 0
2 2
1 3
0 3
9 167 151
8 0
7 2
6 2
5 0
4 3
3 1
2 1
1 3
0 3
9 167 152
8 0
7 2
6 3
5 0
4 1
3 3
2 1
1 3
0 0
9 168 129
8 0
7 2
6 2
5 1
4 2
3 0
2 1
1 0
0 0
9 168 141
8 0
7 0
6 2
5 0
4 3
3 0
2 1
1 2
0 0
9 168 142
8 0
7 2
6 2
5 1
4 3
3 0
2 1
1 1
0 0
9 168 144
8 0
7 0
6 3
5 0
4 0
3 0
2 1
1 1
0 3
9 168 145
8 0
7 2
6 0
5 0
4 1
3 0
2 1
1 1
0 0
9 168 148
8 0
7 2
6 3
5 0
4 3
3 0
2 1
1 3
0 1
9 169 126
8 0
7 0
6 0
5 0
4 2
3 0
2 1
1 2
0 0
9 169 134
8 0
7 0
6 2
5 1
4 3
3 0
2 1
1 2
0 3
9 169 138
8 0
7 2
6 0
5 0
4 2
3 0
2 1
1 0
0 0
9 169 140
8 1
7 1
6 3
5 1
4 2
3 0
2 1
1 2
0 0
9 169 143
8 0
7 3
6 1
5 0
4 1
3 0
2 0
1 3
0 0
9 169 145
8 0
7 0
6 2
5 0
4 3
3 0
2 1
1 3
0 3
9 169 147
8 0
7 2
6 1
5 0
4 2
3 0
2 1
1 3
0 0
9 169 148
8 0
7 3
6 0
5 0
4 0
3 0
2 0
1 1
0 0
10 169 179
9 0
8 0
7 2
6 0
5 0
4 1
3 0
2 0
1 2
0 0
10 169 180
9 0
8 1
7 3
6 0
5 0
4 0
3 3
2 0
1 2
0 0
9 170 131
8 0
7 2
6 0
5 1
4 2
3 0
2 1
1 0
0 3
9 170 135
8 0
7 2
6 3
5 0
4 1
3 0
2 2
1 3
0 0
9 170 138
8 0
7 3
6 1
5 1
4 3
3 0
2 0
1 2
0 0
9 170 140
8 0
7 0
6 3
5 0
4 0
3 0
2 0
1 3
0 0
9 170 142
8 0
7 3
6 2
5 0
4 2
3 1
2 1
1 2
0 3
9 170 144
8 0
7 1
6 3
5 1
4 0
3 0
2 1
1 2
0 3
10 170 178
9 0
8 0
7 3
6 3
5 0
4 0
3 3
2 0
1 2
0 0
10 170 179
9 0
8 0
7 2
6 3
5 0
4 1
3 3
2 1
1 3
0 3
9 171 130
8 0
7 2
6 3
5 1
4 1
3 3
2 1
1 3
0 0
9 171 133
8 0
7 0
6 3
5 1
4 0
3 0
2 0
1 3
0 3
9 171 136
8 0
7 1
6 3
5 1
4 3
3 0
2 1
1 3
0 3
9 171 138
8 0
7 0
6 2
5 0
4 0
3 0
2 1
1 2
0 0
9 171 140
8 0
7 2
6 3
5 0
4 2
3 1
2 1
1 2
0 0
10 173 177
9 0
8 0
7 2
6 2
5 1
4 0
3 0
2 0
1 3
0 3
10 174 175
9 0
8 0
7 2
6 0
5 1
4 0
3 0
2 0
1 2
0 3
10 174 177
9 0
8 0
7 2
6 2
5 0
4 0
3 0
2 1
1 0
0 3
10 176 174
9 0
8 1
7 2
6 3
5 0
4 1
3 3
2 1
1 3
0 0
10 177 172
9 0
8 0
7 3
6 3
5 0
4 1
3 3
2 1
1 2
0 3
10 178 169
9 0
8 0
7 2
6 1
5 0
4 0
3 0
2 1
1 2
0 0
10 178 170
9 0
8 1
7 3
6 0
5 0
4 0
3 0
2 0
1 1
0 0
10 179 167
9 0
8 0
7 2
6 2
5 0
4 2
3 0
2 1
1 3
0 0
10 180 166
9 0
8 0
7 3
6 3
5 3
4 0
3 0
2 1
1 2
0 3
10 181 169
9 0
8 0
7 2
6 0
5 0
4 2
3 0
2 1
1 3
0 3
10 182 165
9 0
8 3
7 2
6 3
5 0
4 3
3 0
2 2
1 3
0 3
10 183 157
9 0
8 0
7 3
6 3
5 0
4 0
3 0
2 0
1 0
0 0
10 183 162
9 0
8 1
7 3
6 0
5 0
4 0
3 3
2 1
1 2
0 0
10 183 163
9 0
8 2
7 3
6 2
5 0
4 0
3 1
2 0
1 2
0 0
10 184 154
9 0
8 0
7 2
6 0
5 0
4 2
3 0
2 1
1 3
0 0
10 184 155
9 0
8 0
7 3
6 2
5 0
4 0
3 0
2 1
1 1
0 0
10 184 160
9 0
8 0
7 3
6 3
5 0
4 0
3 3
2 1
1 2
0 0
10 184 161
9 0
8 1
7 3
6 1
5 0
4 0
3 0
2 1
1 0
0 3
10 185 148
9 0
8 0
7 3
6 1
5 0
4 1
3 0
2 1
1 2
0 0
